#EH Annotation
#src/lancs/mobilemedia/exception/ExceptionHandler.java
src/lancs/mobilemedia/core/comms/BaseMessaging.java
src/lancs/mobilemedia/core/ui/MainUIMidlet.java
src/lancs/mobilemedia/core/ui/controller/ControllerInterface.java
src/lancs/mobilemedia/core/ui/controller/AbstractController.java
src/lancs/mobilemedia/core/ui/controller/BaseController.java
src/lancs/mobilemedia/core/ui/controller/AlbumController.java
src/lancs/mobilemedia/core/ui/controller/MediaController.java
src/lancs/mobilemedia/core/ui/controller/MediaListController.java
src/lancs/mobilemedia/core/ui/controller/ScreenSingleton.java
#EH Aspect
src/lancs/mobilemedia/core/ui/controller/CoreUiControllerHandler.aj

src/lancs/mobilemedia/core/ui/datamodel/AlbumData.java
src/lancs/mobilemedia/core/ui/datamodel/MediaAccessor.java
src/lancs/mobilemedia/core/ui/datamodel/MediaData.java
#EH Aspect
src/lancs/mobilemedia/core/ui/datamodel/CoreUiDataModelHandler.aj

src/lancs/mobilemedia/core/ui/screens/AddMediaToAlbum.java
src/lancs/mobilemedia/core/ui/screens/AlbumListScreen.java
src/lancs/mobilemedia/core/ui/screens/MediaListScreen.java
src/lancs/mobilemedia/core/ui/screens/NewLabelScreen.java
src/lancs/mobilemedia/core/ui/screens/SplashScreen.java
src/lancs/mobilemedia/core/ui/screens/PasswordScreen.java
src/lancs/mobilemedia/core/util/Constants.java
src/lancs/mobilemedia/core/util/MediaUtil.java
src/lancs/mobilemedia/lib/exceptions/MediaNotFoundException.java
src/lancs/mobilemedia/lib/exceptions/MediaPathNotValidException.java
src/lancs/mobilemedia/lib/exceptions/InvalidArrayFormatException.java
src/lancs/mobilemedia/lib/exceptions/InvalidMediaDataException.java
src/lancs/mobilemedia/lib/exceptions/InvalidMediaFormatException.java
src/lancs/mobilemedia/lib/exceptions/PersistenceMechanismException.java
src/lancs/mobilemedia/lib/exceptions/UnavailablePhotoAlbumException.java
src/lancs/mobilemedia/lib/exceptions/InvalidAlbumNameException.java
src/lancs/mobilemedia/aspects/exceptionblocks/UtilAspectEH.aj
# EH Aspect Reuse
src/lancs/mobilemedia/exception/CheckedRecordStoreExceptionHandler.aj
src/lancs/mobilemedia/aspects/exceptionblocks/DataModelAspectEH.aj
src/lancs/mobilemedia/aspects/exceptionblocks/ControllerAspectEH.aj

# This configuration (Instance ABC03) includes Photo, Music, and Video alternative features
# All optional features are included

# Photo
src/lancs/mobilemedia/alternative/photo/AbstractPhotoAspect.aj
src/lancs/mobilemedia/alternative/photo/PhotoAspect.aj
#src/lancs/mobilemedia/alternative/photo/PhotoNotVideoNotMusic.aj
src/lancs/mobilemedia/alternative/photo/ImageAlbumData.java
src/lancs/mobilemedia/alternative/photo/ImageMediaAccessor.java
src/lancs/mobilemedia/alternative/photo/PhotoViewScreen.java
src/lancs/mobilemedia/alternative/photo/exceptionblocks/ScreensAspectEH.aj

# Music
src/lancs/mobilemedia/alternative/music/AbstractMusicAspect.aj
src/lancs/mobilemedia/alternative/music/MusicAspect.aj
src/lancs/mobilemedia/alternative/music/MusicAlbumData.java
src/lancs/mobilemedia/alternative/music/MusicPlayController.java
src/lancs/mobilemedia/alternative/music/PlayMusicScreen.java
#src/lancs/mobilemedia/alternative/music/MusicNotPhotoNotVideo.aj
#EH Aspect
src/lancs/mobilemedia/alternative/music/AlternativeMusicHandler.aj

# Video
src/lancs/mobilemedia/alternative/video/AbstractVideoAspect.aj
src/lancs/mobilemedia/alternative/video/PlayVideoController.java
src/lancs/mobilemedia/alternative/video/PlayVideoScreen.java
src/lancs/mobilemedia/alternative/video/VideoAlbumData.java
src/lancs/mobilemedia/alternative/video/VideoAspect.aj
src/lancs/mobilemedia/alternative/video/VideoMediaAccessor.java
#src/lancs/mobilemedia/alternative/video/VideoNotPhotoNotMusic.aj
#EH Aspect Reuse
src/lancs/mobilemedia/exception/CheckedPersistenceAndMediaExceptionHandler.aj
#EH Aspect
src/lancs/mobilemedia/alternative/video/AlternativeVideoHandler.aj

# Music OR Video
src/lancs/mobilemedia/alternative/musicvideo/MultiMediaAccessor.java
src/lancs/mobilemedia/alternative/musicvideo/MusicOrVideo.aj
src/lancs/mobilemedia/alternative/musicvideo/MultiMediaUtil.java
# EH Aspect Reuse
src/lancs/mobilemedia/exception/CheckedMediaNotFoundExceptionHandler.aj
#EH Aspect
src/lancs/mobilemedia/alternative/musicvideo/AlternativeMusicVideoHandler.aj

# Alternative features
src/lancs/mobilemedia/alternative/AbstractAlternativeFeature.aj
src/lancs/mobilemedia/alternative/MusicSelector.aj
src/lancs/mobilemedia/alternative/PhotoAndMusicAndVideo.aj
src/lancs/mobilemedia/alternative/PhotoSelector.aj
src/lancs/mobilemedia/alternative/SelectMediaController.java
src/lancs/mobilemedia/alternative/SelectTypeOfMedia.java
src/lancs/mobilemedia/alternative/TwoAlternativeFeatures.aj
src/lancs/mobilemedia/alternative/VideoSelector.aj

#src/lancs/mobilemedia/alternative/OneAlternativeFeature.aj

# Sorting
src/lancs/mobilemedia/optional/sorting/SortingAspect.aj
# EH Aspect Reuse
src/lancs/mobilemedia/exception/CheckedInvalidPersistenceMediaNotFoundExceptionHandler.aj
#EH Aspect
src/lancs/mobilemedia/optional/sorting/OptionalSortingHandler.aj

# Favourites
src/lancs/mobilemedia/optional/favourites/FavouritesAspect.aj
src/lancs/mobilemedia/optional/favourites/PersisteFavoritesAspect.aj
#EH Aspect Reuse
src/lancs/mobilemedia/exception/CheckedInvalidPersistenceMediaNotFoundExceptionHandler.aj
#EH Aspect
src/lancs/mobilemedia/optional/favourites/OptionalFavouritesHandler.aj

# Sorting AND Favourites
src/lancs/mobilemedia/optional/SortingAndFavorites.aj

# Copy
src/lancs/mobilemedia/optional/copy/CopyTargets.java
src/lancs/mobilemedia/optional/copy/CopyAspect.aj
# EH Aspect
src/lancs/mobilemedia/optional/copy/OptionalCopyHandler.aj

# Copy AND Photo
src/lancs/mobilemedia/alternative/photo/optional/CopyAndPhoto.aj

# Copy AND Music
src/lancs/mobilemedia/optional/copy/CopyMultiMediaAspect.aj
src/lancs/mobilemedia/alternative/music/optional/CopyAndMusic.aj

# Copy AND Video
src/lancs/mobilemedia/alternative/video/optional/CopyAndVideo.aj

# Copy OR SMS
src/lancs/mobilemedia/optional/copySMS/PhotoViewController.java
#EH Aspect
src/lancs/mobilemedia/optional/copySMS/OptionalCopySMSHandler.aj

# All Optional Features
src/lancs/mobilemedia/optional/OptionalFeatureAspect.aj

# Capture Video
src/lancs/mobilemedia/optional/capture/CaptureVideoScreen.java
#EH Aspect Reuse
src/lancs/mobilemedia/exception/CheckedExceptionHandler.aj
#EH Handler
src/lancs/mobilemedia/optional/capture/OptionalCaptureHandler.aj

src/lancs/mobilemedia/optional/capturevideo/CaptureVideoAspect.aj
src/lancs/mobilemedia/optional/capturevideo/VideoCaptureController.java
#EH Aspect
src/lancs/mobilemedia/optional/capturevideo/OptionalCaptureVideoHandler.aj

# Capture Photo
src/lancs/mobilemedia/optional/capturephoto/CapturePhotoAspect.aj
#EH Aspect
src/lancs/mobilemedia/optional/capturephoto/OptionalCapturePhotoHandler.aj

# SMS
src/lancs/mobilemedia/optional/sms/SMSAspect.aj
src/lancs/mobilemedia/optional/sms/NetworkScreen.java
src/lancs/mobilemedia/optional/sms/SmsMessaging.java
src/lancs/mobilemedia/optional/sms/SmsReceiverController.java
src/lancs/mobilemedia/optional/sms/SmsReceiverThread.java
src/lancs/mobilemedia/optional/sms/SmsSenderController.java
src/lancs/mobilemedia/optional/sms/SmsSenderThread.java
#EH Aspect
src/lancs/mobilemedia/optional/sms/OptionSmsHandler.aj

# SMS OR Capture TODO: I think this aspect is not related to Capture.
src/lancs/mobilemedia/optional/smsorcapturephotoorvideo/SmsOrCapturePhotoOrVideo.aj

# Privacy
src/lancs/mobilemedia/optional/privacy/PrivacyAspect.aj
#EH Aspect
src/lancs/mobilemedia/optional/privacy/OptionalPrivacyHandler.aj

# PIM
src/lancs/mobilemedia/optional/pim/PimAspect.aj
src/lancs/mobilemedia/optional/pim/PimController.java
src/lancs/mobilemedia/optional/pim/PimControllerThread.java
src/lancs/mobilemedia/optional/pim/PimListScreen.java
src/lancs/mobilemedia/optional/pim/PimSeed.java
#EH Aspect
src/lancs/mobilemedia/optional/pim/OptionalPimHanlder.aj