C:\Desenvolvimento\eclipse-mestrado-3\workspace\MobileMedia09_AO_branch\product-src\src\lancs\mobilemedia\alternative\musicvideo\MultiMediaAccessor.java
C:\Desenvolvimento\eclipse-mestrado-3\workspace\MobileMedia09_AO_branch\product-src\src\lancs\mobilemedia\alternative\musicvideo\MultiMediaUtil.java
C:\Desenvolvimento\eclipse-mestrado-3\workspace\MobileMedia09_AO_branch\product-src\src\lancs\mobilemedia\alternative\video\PlayVideoController.java
C:\Desenvolvimento\eclipse-mestrado-3\workspace\MobileMedia09_AO_branch\product-src\src\lancs\mobilemedia\alternative\video\PlayVideoScreen.java
C:\Desenvolvimento\eclipse-mestrado-3\workspace\MobileMedia09_AO_branch\product-src\src\lancs\mobilemedia\alternative\video\VideoAlbumData.java
C:\Desenvolvimento\eclipse-mestrado-3\workspace\MobileMedia09_AO_branch\product-src\src\lancs\mobilemedia\alternative\video\VideoMediaAccessor.java
C:\Desenvolvimento\eclipse-mestrado-3\workspace\MobileMedia09_AO_branch\product-src\src\lancs\mobilemedia\core\comms\BaseMessaging.java
C:\Desenvolvimento\eclipse-mestrado-3\workspace\MobileMedia09_AO_branch\product-src\src\lancs\mobilemedia\core\ui\MainUIMidlet.java
C:\Desenvolvimento\eclipse-mestrado-3\workspace\MobileMedia09_AO_branch\product-src\src\lancs\mobilemedia\core\ui\controller\AbstractController.java
C:\Desenvolvimento\eclipse-mestrado-3\workspace\MobileMedia09_AO_branch\product-src\src\lancs\mobilemedia\core\ui\controller\AlbumController.java
C:\Desenvolvimento\eclipse-mestrado-3\workspace\MobileMedia09_AO_branch\product-src\src\lancs\mobilemedia\core\ui\controller\BaseController.java
C:\Desenvolvimento\eclipse-mestrado-3\workspace\MobileMedia09_AO_branch\product-src\src\lancs\mobilemedia\core\ui\controller\ControllerInterface.java
C:\Desenvolvimento\eclipse-mestrado-3\workspace\MobileMedia09_AO_branch\product-src\src\lancs\mobilemedia\core\ui\controller\MediaController.java
C:\Desenvolvimento\eclipse-mestrado-3\workspace\MobileMedia09_AO_branch\product-src\src\lancs\mobilemedia\core\ui\controller\MediaListController.java
C:\Desenvolvimento\eclipse-mestrado-3\workspace\MobileMedia09_AO_branch\product-src\src\lancs\mobilemedia\core\ui\controller\ScreenSingleton.java
C:\Desenvolvimento\eclipse-mestrado-3\workspace\MobileMedia09_AO_branch\product-src\src\lancs\mobilemedia\core\ui\datamodel\AlbumData.java
C:\Desenvolvimento\eclipse-mestrado-3\workspace\MobileMedia09_AO_branch\product-src\src\lancs\mobilemedia\core\ui\datamodel\MediaAccessor.java
C:\Desenvolvimento\eclipse-mestrado-3\workspace\MobileMedia09_AO_branch\product-src\src\lancs\mobilemedia\core\ui\datamodel\MediaData.java
C:\Desenvolvimento\eclipse-mestrado-3\workspace\MobileMedia09_AO_branch\product-src\src\lancs\mobilemedia\core\ui\screens\AddMediaToAlbum.java
C:\Desenvolvimento\eclipse-mestrado-3\workspace\MobileMedia09_AO_branch\product-src\src\lancs\mobilemedia\core\ui\screens\AlbumListScreen.java
C:\Desenvolvimento\eclipse-mestrado-3\workspace\MobileMedia09_AO_branch\product-src\src\lancs\mobilemedia\core\ui\screens\MediaListScreen.java
C:\Desenvolvimento\eclipse-mestrado-3\workspace\MobileMedia09_AO_branch\product-src\src\lancs\mobilemedia\core\ui\screens\NewLabelScreen.java
C:\Desenvolvimento\eclipse-mestrado-3\workspace\MobileMedia09_AO_branch\product-src\src\lancs\mobilemedia\core\ui\screens\SplashScreen.java
C:\Desenvolvimento\eclipse-mestrado-3\workspace\MobileMedia09_AO_branch\product-src\src\lancs\mobilemedia\core\util\Constants.java
C:\Desenvolvimento\eclipse-mestrado-3\workspace\MobileMedia09_AO_branch\product-src\src\lancs\mobilemedia\core\util\MediaUtil.java
C:\Desenvolvimento\eclipse-mestrado-3\workspace\MobileMedia09_AO_branch\product-src\src\lancs\mobilemedia\lib\exceptions\InvalidAlbumNameException.java
C:\Desenvolvimento\eclipse-mestrado-3\workspace\MobileMedia09_AO_branch\product-src\src\lancs\mobilemedia\lib\exceptions\InvalidArrayFormatException.java
C:\Desenvolvimento\eclipse-mestrado-3\workspace\MobileMedia09_AO_branch\product-src\src\lancs\mobilemedia\lib\exceptions\InvalidMediaDataException.java
C:\Desenvolvimento\eclipse-mestrado-3\workspace\MobileMedia09_AO_branch\product-src\src\lancs\mobilemedia\lib\exceptions\InvalidMediaFormatException.java
C:\Desenvolvimento\eclipse-mestrado-3\workspace\MobileMedia09_AO_branch\product-src\src\lancs\mobilemedia\lib\exceptions\MediaNotFoundException.java
C:\Desenvolvimento\eclipse-mestrado-3\workspace\MobileMedia09_AO_branch\product-src\src\lancs\mobilemedia\lib\exceptions\MediaPathNotValidException.java
C:\Desenvolvimento\eclipse-mestrado-3\workspace\MobileMedia09_AO_branch\product-src\src\lancs\mobilemedia\lib\exceptions\PersistenceMechanismException.java
C:\Desenvolvimento\eclipse-mestrado-3\workspace\MobileMedia09_AO_branch\product-src\src\lancs\mobilemedia\lib\exceptions\UnavailablePhotoAlbumException.java
C:\Desenvolvimento\eclipse-mestrado-3\workspace\MobileMedia09_AO_branch\product-src\src\lancs\mobilemedia\optional\capture\CaptureVideoScreen.java
C:\Desenvolvimento\eclipse-mestrado-3\workspace\MobileMedia09_AO_branch\product-src\src\lancs\mobilemedia\optional\capturevideo\VideoCaptureController.java
C:\Desenvolvimento\eclipse-mestrado-3\workspace\MobileMedia09_AO_branch\product-src\src\lancs\mobilemedia\optional\copySMS\PhotoViewController.java
C:\Desenvolvimento\eclipse-mestrado-3\workspace\MobileMedia09_AO_branch\product-src\src\lancs\mobilemedia\optional\copy\CopyTargets.java
C:\Desenvolvimento\eclipse-mestrado-3\workspace\MobileMedia09_AO_branch\product-src\src\lancs\mobilemedia\alternative\AbstractAlternativeFeature.aj
C:\Desenvolvimento\eclipse-mestrado-3\workspace\MobileMedia09_AO_branch\product-src\src\lancs\mobilemedia\alternative\OneAlternativeFeature.aj
C:\Desenvolvimento\eclipse-mestrado-3\workspace\MobileMedia09_AO_branch\product-src\src\lancs\mobilemedia\alternative\musicvideo\AlternativeMusicVideoHandler.aj
C:\Desenvolvimento\eclipse-mestrado-3\workspace\MobileMedia09_AO_branch\product-src\src\lancs\mobilemedia\alternative\musicvideo\MusicOrVideo.aj
C:\Desenvolvimento\eclipse-mestrado-3\workspace\MobileMedia09_AO_branch\product-src\src\lancs\mobilemedia\alternative\video\AbstractVideoAspect.aj
C:\Desenvolvimento\eclipse-mestrado-3\workspace\MobileMedia09_AO_branch\product-src\src\lancs\mobilemedia\alternative\video\AlternativeVideoHandler.aj
C:\Desenvolvimento\eclipse-mestrado-3\workspace\MobileMedia09_AO_branch\product-src\src\lancs\mobilemedia\alternative\video\VideoAspect.aj
C:\Desenvolvimento\eclipse-mestrado-3\workspace\MobileMedia09_AO_branch\product-src\src\lancs\mobilemedia\alternative\video\VideoNotPhotoNotMusic.aj
C:\Desenvolvimento\eclipse-mestrado-3\workspace\MobileMedia09_AO_branch\product-src\src\lancs\mobilemedia\alternative\video\optional\CopyAndVideo.aj
C:\Desenvolvimento\eclipse-mestrado-3\workspace\MobileMedia09_AO_branch\product-src\src\lancs\mobilemedia\aspects\exceptionblocks\ControllerAspectEH.aj
C:\Desenvolvimento\eclipse-mestrado-3\workspace\MobileMedia09_AO_branch\product-src\src\lancs\mobilemedia\aspects\exceptionblocks\DataModelAspectEH.aj
C:\Desenvolvimento\eclipse-mestrado-3\workspace\MobileMedia09_AO_branch\product-src\src\lancs\mobilemedia\aspects\exceptionblocks\UtilAspectEH.aj
C:\Desenvolvimento\eclipse-mestrado-3\workspace\MobileMedia09_AO_branch\product-src\src\lancs\mobilemedia\core\ui\controller\CoreUiControllerHandler.aj
C:\Desenvolvimento\eclipse-mestrado-3\workspace\MobileMedia09_AO_branch\product-src\src\lancs\mobilemedia\core\ui\datamodel\CoreUiDataModelHandler.aj
C:\Desenvolvimento\eclipse-mestrado-3\workspace\MobileMedia09_AO_branch\product-src\src\lancs\mobilemedia\exception\CheckedExceptionHandler.aj
C:\Desenvolvimento\eclipse-mestrado-3\workspace\MobileMedia09_AO_branch\product-src\src\lancs\mobilemedia\exception\CheckedInvalidPersistenceMediaNotFoundExceptionHandler.aj
C:\Desenvolvimento\eclipse-mestrado-3\workspace\MobileMedia09_AO_branch\product-src\src\lancs\mobilemedia\exception\CheckedMediaNotFoundExceptionHandler.aj
C:\Desenvolvimento\eclipse-mestrado-3\workspace\MobileMedia09_AO_branch\product-src\src\lancs\mobilemedia\exception\CheckedPersistenceAndMediaExceptionHandler.aj
C:\Desenvolvimento\eclipse-mestrado-3\workspace\MobileMedia09_AO_branch\product-src\src\lancs\mobilemedia\exception\CheckedRecordStoreExceptionHandler.aj
C:\Desenvolvimento\eclipse-mestrado-3\workspace\MobileMedia09_AO_branch\product-src\src\lancs\mobilemedia\optional\SortingAndFavorites.aj
C:\Desenvolvimento\eclipse-mestrado-3\workspace\MobileMedia09_AO_branch\product-src\src\lancs\mobilemedia\optional\VideoAndOptionalFeatures.aj
C:\Desenvolvimento\eclipse-mestrado-3\workspace\MobileMedia09_AO_branch\product-src\src\lancs\mobilemedia\optional\capture\OptionalCaptureHandler.aj
C:\Desenvolvimento\eclipse-mestrado-3\workspace\MobileMedia09_AO_branch\product-src\src\lancs\mobilemedia\optional\capturevideo\CaptureVideoAspect.aj
C:\Desenvolvimento\eclipse-mestrado-3\workspace\MobileMedia09_AO_branch\product-src\src\lancs\mobilemedia\optional\capturevideo\OptionalCaptureVideoHandler.aj
C:\Desenvolvimento\eclipse-mestrado-3\workspace\MobileMedia09_AO_branch\product-src\src\lancs\mobilemedia\optional\copySMS\OptionalCopySMSHandler.aj
C:\Desenvolvimento\eclipse-mestrado-3\workspace\MobileMedia09_AO_branch\product-src\src\lancs\mobilemedia\optional\copy\CopyAspect.aj
C:\Desenvolvimento\eclipse-mestrado-3\workspace\MobileMedia09_AO_branch\product-src\src\lancs\mobilemedia\optional\copy\CopyMultiMediaAspect.aj
C:\Desenvolvimento\eclipse-mestrado-3\workspace\MobileMedia09_AO_branch\product-src\src\lancs\mobilemedia\optional\copy\OptionalCopyHandler.aj
C:\Desenvolvimento\eclipse-mestrado-3\workspace\MobileMedia09_AO_branch\product-src\src\lancs\mobilemedia\optional\favourites\FavouritesAspect.aj
C:\Desenvolvimento\eclipse-mestrado-3\workspace\MobileMedia09_AO_branch\product-src\src\lancs\mobilemedia\optional\favourites\OptionalFavouritesHandler.aj
C:\Desenvolvimento\eclipse-mestrado-3\workspace\MobileMedia09_AO_branch\product-src\src\lancs\mobilemedia\optional\favourites\PersisteFavoritesAspect.aj
C:\Desenvolvimento\eclipse-mestrado-3\workspace\MobileMedia09_AO_branch\product-src\src\lancs\mobilemedia\optional\smsorcapturephotoorvideo\SmsOrCapturePhotoOrVideo.aj
C:\Desenvolvimento\eclipse-mestrado-3\workspace\MobileMedia09_AO_branch\product-src\src\lancs\mobilemedia\optional\sorting\OptionalSortingHandler.aj
C:\Desenvolvimento\eclipse-mestrado-3\workspace\MobileMedia09_AO_branch\product-src\src\lancs\mobilemedia\optional\sorting\SortingAspect.aj
