C:\workspace Eclipse Galileu\REF_3_Adventure1.0.5\aopmetrics\adventure\exception\EJBExceptionHandler.aj
C:\workspace Eclipse Galileu\REF_3_Adventure1.0.5\aopmetrics\adventure\exception\ExceptionHandler.java
C:\workspace Eclipse Galileu\REF_3_Adventure1.0.5\aopmetrics\adventure\exception\GeneralExceptionHandler.aj
C:\workspace Eclipse Galileu\REF_3_Adventure1.0.5\aopmetrics\adventure\exception\LogGeneralException.aj
C:\workspace Eclipse Galileu\REF_3_Adventure1.0.5\aopmetrics\adventure\exception\SystemErroLog.java
C:\workspace Eclipse Galileu\REF_3_Adventure1.0.5\aopmetrics\br\upe\dsc\reusable\exception\CloneErrorAbstractExceptionHandling.aj
C:\workspace Eclipse Galileu\REF_3_Adventure1.0.5\aopmetrics\br\upe\dsc\reusable\exception\CreateExceptionAbstractHandler.aj
C:\workspace Eclipse Galileu\REF_3_Adventure1.0.5\aopmetrics\br\upe\dsc\reusable\exception\EJBExceptionGenericAspect.aj
C:\workspace Eclipse Galileu\REF_3_Adventure1.0.5\aopmetrics\br\upe\dsc\reusable\exception\EmptyBlockAbstractExceptionHandling.aj
C:\workspace Eclipse Galileu\REF_3_Adventure1.0.5\aopmetrics\br\upe\dsc\reusable\exception\GenericAbstractHandler.aj
C:\workspace Eclipse Galileu\REF_3_Adventure1.0.5\aopmetrics\br\upe\dsc\reusable\exception\ILogObject.java
C:\workspace Eclipse Galileu\REF_3_Adventure1.0.5\aopmetrics\br\upe\dsc\reusable\exception\LogAbstractHandler.aj
C:\workspace Eclipse Galileu\REF_3_Adventure1.0.5\aopmetrics\br\upe\dsc\reusable\exception\PrintStackTraceAbstractExceptionHandler.aj
C:\workspace Eclipse Galileu\REF_3_Adventure1.0.5\aopmetrics\br\upe\dsc\reusable\exception\SoftExceptionAbstractExceptionHandling.aj
C:\workspace Eclipse Galileu\REF_3_Adventure1.0.5\aopmetrics\client\classes\com\sun\j2ee\blueprints\opc\financial\CreditCardIntf.java
C:\workspace Eclipse Galileu\REF_3_Adventure1.0.5\aopmetrics\client\classes\com\sun\j2ee\blueprints\opc\financial\CreditCardIntf_Impl.java
C:\workspace Eclipse Galileu\REF_3_Adventure1.0.5\aopmetrics\client\classes\com\sun\j2ee\blueprints\opc\financial\CreditCardService.java
C:\workspace Eclipse Galileu\REF_3_Adventure1.0.5\aopmetrics\client\classes\com\sun\j2ee\blueprints\opc\webservicebroker\requestor\ActivityPOIntf.java
C:\workspace Eclipse Galileu\REF_3_Adventure1.0.5\aopmetrics\client\classes\com\sun\j2ee\blueprints\opc\webservicebroker\requestor\ActivityPOIntf_Impl.java
C:\workspace Eclipse Galileu\REF_3_Adventure1.0.5\aopmetrics\client\classes\com\sun\j2ee\blueprints\opc\webservicebroker\requestor\ActivityPurchaseOrderService.java
C:\workspace Eclipse Galileu\REF_3_Adventure1.0.5\aopmetrics\client\classes\com\sun\j2ee\blueprints\opc\webservicebroker\requestor\AirlinePOIntf.java
C:\workspace Eclipse Galileu\REF_3_Adventure1.0.5\aopmetrics\client\classes\com\sun\j2ee\blueprints\opc\webservicebroker\requestor\AirlinePOIntf_Impl.java
C:\workspace Eclipse Galileu\REF_3_Adventure1.0.5\aopmetrics\client\classes\com\sun\j2ee\blueprints\opc\webservicebroker\requestor\AirlinePurchaseOrderService.java
C:\workspace Eclipse Galileu\REF_3_Adventure1.0.5\aopmetrics\client\classes\com\sun\j2ee\blueprints\opc\webservicebroker\requestor\InvalidOrderException.java
C:\workspace Eclipse Galileu\REF_3_Adventure1.0.5\aopmetrics\client\classes\com\sun\j2ee\blueprints\opc\webservicebroker\requestor\LodgingPOIntf.java
C:\workspace Eclipse Galileu\REF_3_Adventure1.0.5\aopmetrics\client\classes\com\sun\j2ee\blueprints\opc\webservicebroker\requestor\LodgingPOIntf_Impl.java
C:\workspace Eclipse Galileu\REF_3_Adventure1.0.5\aopmetrics\client\classes\com\sun\j2ee\blueprints\opc\webservicebroker\requestor\LodgingPurchaseOrderService.java
C:\workspace Eclipse Galileu\REF_3_Adventure1.0.5\aopmetrics\client\classes\com\sun\j2ee\blueprints\opc\webservicebroker\requestor\OrderSubmissionException.java
C:\workspace Eclipse Galileu\REF_3_Adventure1.0.5\aopmetrics\com\sun\j2ee\blueprints\activitysupplier\JNDINames.java
C:\workspace Eclipse Galileu\REF_3_Adventure1.0.5\aopmetrics\com\sun\j2ee\blueprints\activitysupplier\pomessagebean\ActivityMessageBean.java
C:\workspace Eclipse Galileu\REF_3_Adventure1.0.5\aopmetrics\com\sun\j2ee\blueprints\activitysupplier\pomessagebean\BrokerServiceIntf.java
C:\workspace Eclipse Galileu\REF_3_Adventure1.0.5\aopmetrics\com\sun\j2ee\blueprints\activitysupplier\pomessagebean\BrokerServiceIntf_Impl.java
C:\workspace Eclipse Galileu\REF_3_Adventure1.0.5\aopmetrics\com\sun\j2ee\blueprints\activitysupplier\pomessagebean\InvalidDocumentException.java
C:\workspace Eclipse Galileu\REF_3_Adventure1.0.5\aopmetrics\com\sun\j2ee\blueprints\activitysupplier\pomessagebean\Invoice.java
C:\workspace Eclipse Galileu\REF_3_Adventure1.0.5\aopmetrics\com\sun\j2ee\blueprints\activitysupplier\pomessagebean\PomessagebeanHandler.aj
C:\workspace Eclipse Galileu\REF_3_Adventure1.0.5\aopmetrics\com\sun\j2ee\blueprints\activitysupplier\pomessagebean\ProcessingException.java
C:\workspace Eclipse Galileu\REF_3_Adventure1.0.5\aopmetrics\com\sun\j2ee\blueprints\activitysupplier\pomessagebean\WebServiceBroker.java
C:\workspace Eclipse Galileu\REF_3_Adventure1.0.5\aopmetrics\com\sun\j2ee\blueprints\activitysupplier\powebservice\ActivityDetails.java
C:\workspace Eclipse Galileu\REF_3_Adventure1.0.5\aopmetrics\com\sun\j2ee\blueprints\activitysupplier\powebservice\ActivityOrder.java
C:\workspace Eclipse Galileu\REF_3_Adventure1.0.5\aopmetrics\com\sun\j2ee\blueprints\activitysupplier\powebservice\ActivityPOEndpointBean.java
C:\workspace Eclipse Galileu\REF_3_Adventure1.0.5\aopmetrics\com\sun\j2ee\blueprints\activitysupplier\powebservice\ActivityPOIntf.java
C:\workspace Eclipse Galileu\REF_3_Adventure1.0.5\aopmetrics\com\sun\j2ee\blueprints\activitysupplier\powebservice\InvalidOrderException.java
C:\workspace Eclipse Galileu\REF_3_Adventure1.0.5\aopmetrics\com\sun\j2ee\blueprints\activitysupplier\powebservice\OrderSubmissionException.java
C:\workspace Eclipse Galileu\REF_3_Adventure1.0.5\aopmetrics\com\sun\j2ee\blueprints\activitysupplier\powebservice\PowebserviceHandler.aj
C:\workspace Eclipse Galileu\REF_3_Adventure1.0.5\aopmetrics\com\sun\j2ee\blueprints\activitysupplier\purchaseorder\ejb\ActivityDetailsBean.java
C:\workspace Eclipse Galileu\REF_3_Adventure1.0.5\aopmetrics\com\sun\j2ee\blueprints\activitysupplier\purchaseorder\ejb\ActivityDetailsLocal.java
C:\workspace Eclipse Galileu\REF_3_Adventure1.0.5\aopmetrics\com\sun\j2ee\blueprints\activitysupplier\purchaseorder\ejb\ActivityDetailsLocalHome.java
C:\workspace Eclipse Galileu\REF_3_Adventure1.0.5\aopmetrics\com\sun\j2ee\blueprints\activitysupplier\purchaseorder\ejb\ActivityPurchaseOrderBean.java
C:\workspace Eclipse Galileu\REF_3_Adventure1.0.5\aopmetrics\com\sun\j2ee\blueprints\activitysupplier\purchaseorder\ejb\ActivityPurchaseOrderLocal.java
C:\workspace Eclipse Galileu\REF_3_Adventure1.0.5\aopmetrics\com\sun\j2ee\blueprints\activitysupplier\purchaseorder\ejb\ActivityPurchaseOrderLocalHome.java
C:\workspace Eclipse Galileu\REF_3_Adventure1.0.5\aopmetrics\com\sun\j2ee\blueprints\activitysupplier\purchaseorder\ejb\EjbHandler.aj
C:\workspace Eclipse Galileu\REF_3_Adventure1.0.5\aopmetrics\com\sun\j2ee\blueprints\airlinesupplier\JNDINames.java
C:\workspace Eclipse Galileu\REF_3_Adventure1.0.5\aopmetrics\com\sun\j2ee\blueprints\airlinesupplier\pomessagebean\AirlineMessageBean.java
C:\workspace Eclipse Galileu\REF_3_Adventure1.0.5\aopmetrics\com\sun\j2ee\blueprints\airlinesupplier\pomessagebean\BrokerServiceIntf.java
C:\workspace Eclipse Galileu\REF_3_Adventure1.0.5\aopmetrics\com\sun\j2ee\blueprints\airlinesupplier\pomessagebean\BrokerServiceIntf_Impl.java
C:\workspace Eclipse Galileu\REF_3_Adventure1.0.5\aopmetrics\com\sun\j2ee\blueprints\airlinesupplier\pomessagebean\InvalidDocumentException.java
C:\workspace Eclipse Galileu\REF_3_Adventure1.0.5\aopmetrics\com\sun\j2ee\blueprints\airlinesupplier\pomessagebean\Invoice.java
C:\workspace Eclipse Galileu\REF_3_Adventure1.0.5\aopmetrics\com\sun\j2ee\blueprints\airlinesupplier\pomessagebean\PomessagebeanHandler.aj
C:\workspace Eclipse Galileu\REF_3_Adventure1.0.5\aopmetrics\com\sun\j2ee\blueprints\airlinesupplier\pomessagebean\ProcessingException.java
C:\workspace Eclipse Galileu\REF_3_Adventure1.0.5\aopmetrics\com\sun\j2ee\blueprints\airlinesupplier\pomessagebean\WebServiceBroker.java
C:\workspace Eclipse Galileu\REF_3_Adventure1.0.5\aopmetrics\com\sun\j2ee\blueprints\airlinesupplier\powebservice\AirlineOrder.java
C:\workspace Eclipse Galileu\REF_3_Adventure1.0.5\aopmetrics\com\sun\j2ee\blueprints\airlinesupplier\powebservice\AirlinePOEndpointBean.java
C:\workspace Eclipse Galileu\REF_3_Adventure1.0.5\aopmetrics\com\sun\j2ee\blueprints\airlinesupplier\powebservice\AirlinePOIntf.java
C:\workspace Eclipse Galileu\REF_3_Adventure1.0.5\aopmetrics\com\sun\j2ee\blueprints\airlinesupplier\powebservice\InvalidOrderException.java
C:\workspace Eclipse Galileu\REF_3_Adventure1.0.5\aopmetrics\com\sun\j2ee\blueprints\airlinesupplier\powebservice\OrderSubmissionException.java
C:\workspace Eclipse Galileu\REF_3_Adventure1.0.5\aopmetrics\com\sun\j2ee\blueprints\airlinesupplier\powebservice\PowebserviceHandler.aj
C:\workspace Eclipse Galileu\REF_3_Adventure1.0.5\aopmetrics\com\sun\j2ee\blueprints\airlinesupplier\purchaseorder\ejb\AirlineOrderBean.java
C:\workspace Eclipse Galileu\REF_3_Adventure1.0.5\aopmetrics\com\sun\j2ee\blueprints\airlinesupplier\purchaseorder\ejb\AirlineOrderLocal.java
C:\workspace Eclipse Galileu\REF_3_Adventure1.0.5\aopmetrics\com\sun\j2ee\blueprints\airlinesupplier\purchaseorder\ejb\AirlineOrderLocalHome.java
C:\workspace Eclipse Galileu\REF_3_Adventure1.0.5\aopmetrics\com\sun\j2ee\blueprints\bank\creditcardservice\CreditCardEndpointBean.java
C:\workspace Eclipse Galileu\REF_3_Adventure1.0.5\aopmetrics\com\sun\j2ee\blueprints\bank\creditcardservice\CreditCardIntf.java
C:\workspace Eclipse Galileu\REF_3_Adventure1.0.5\aopmetrics\com\sun\j2ee\blueprints\catalog\Activity.java
C:\workspace Eclipse Galileu\REF_3_Adventure1.0.5\aopmetrics\com\sun\j2ee\blueprints\catalog\AdventurePackage.java
C:\workspace Eclipse Galileu\REF_3_Adventure1.0.5\aopmetrics\com\sun\j2ee\blueprints\catalog\CatalogException.java
C:\workspace Eclipse Galileu\REF_3_Adventure1.0.5\aopmetrics\com\sun\j2ee\blueprints\catalog\CatalogFacade.java
C:\workspace Eclipse Galileu\REF_3_Adventure1.0.5\aopmetrics\com\sun\j2ee\blueprints\catalog\CatalogHandler.aj
C:\workspace Eclipse Galileu\REF_3_Adventure1.0.5\aopmetrics\com\sun\j2ee\blueprints\catalog\LineItem.java
C:\workspace Eclipse Galileu\REF_3_Adventure1.0.5\aopmetrics\com\sun\j2ee\blueprints\catalog\Lodging.java
C:\workspace Eclipse Galileu\REF_3_Adventure1.0.5\aopmetrics\com\sun\j2ee\blueprints\catalog\Transportation.java
C:\workspace Eclipse Galileu\REF_3_Adventure1.0.5\aopmetrics\com\sun\j2ee\blueprints\catalog\dao\CatalogDAO.java
C:\workspace Eclipse Galileu\REF_3_Adventure1.0.5\aopmetrics\com\sun\j2ee\blueprints\catalog\dao\CatalogDAOException.java
C:\workspace Eclipse Galileu\REF_3_Adventure1.0.5\aopmetrics\com\sun\j2ee\blueprints\catalog\dao\DaoHandler.aj
C:\workspace Eclipse Galileu\REF_3_Adventure1.0.5\aopmetrics\com\sun\j2ee\blueprints\catalog\dao\DatabaseNames.java
C:\workspace Eclipse Galileu\REF_3_Adventure1.0.5\aopmetrics\com\sun\j2ee\blueprints\catalog\dao\JNDINames.java
C:\workspace Eclipse Galileu\REF_3_Adventure1.0.5\aopmetrics\com\sun\j2ee\blueprints\catalog\dao\PointbaseCatalogDAO.java
C:\workspace Eclipse Galileu\REF_3_Adventure1.0.5\aopmetrics\com\sun\j2ee\blueprints\consumerwebsite\Address.java
C:\workspace Eclipse Galileu\REF_3_Adventure1.0.5\aopmetrics\com\sun\j2ee\blueprints\consumerwebsite\AdventureComponentManager.java
C:\workspace Eclipse Galileu\REF_3_Adventure1.0.5\aopmetrics\com\sun\j2ee\blueprints\consumerwebsite\AdventureKeys.java
C:\workspace Eclipse Galileu\REF_3_Adventure1.0.5\aopmetrics\com\sun\j2ee\blueprints\consumerwebsite\Cart.java
C:\workspace Eclipse Galileu\REF_3_Adventure1.0.5\aopmetrics\com\sun\j2ee\blueprints\consumerwebsite\CartBean.java
C:\workspace Eclipse Galileu\REF_3_Adventure1.0.5\aopmetrics\com\sun\j2ee\blueprints\consumerwebsite\CheckoutBean.java
C:\workspace Eclipse Galileu\REF_3_Adventure1.0.5\aopmetrics\com\sun\j2ee\blueprints\consumerwebsite\ConsumerwebsiteHandler.aj
C:\workspace Eclipse Galileu\REF_3_Adventure1.0.5\aopmetrics\com\sun\j2ee\blueprints\consumerwebsite\CustomerBean.java
C:\workspace Eclipse Galileu\REF_3_Adventure1.0.5\aopmetrics\com\sun\j2ee\blueprints\consumerwebsite\SignOnNotifier.java
C:\workspace Eclipse Galileu\REF_3_Adventure1.0.5\aopmetrics\com\sun\j2ee\blueprints\consumerwebsite\TransportationBean.java
C:\workspace Eclipse Galileu\REF_3_Adventure1.0.5\aopmetrics\com\sun\j2ee\blueprints\consumerwebsite\actions\ActionsHandler.aj
C:\workspace Eclipse Galileu\REF_3_Adventure1.0.5\aopmetrics\com\sun\j2ee\blueprints\consumerwebsite\actions\CartHTMLAction.java
C:\workspace Eclipse Galileu\REF_3_Adventure1.0.5\aopmetrics\com\sun\j2ee\blueprints\consumerwebsite\actions\CheckoutHTMLAction.java
C:\workspace Eclipse Galileu\REF_3_Adventure1.0.5\aopmetrics\com\sun\j2ee\blueprints\consumerwebsite\actions\CreateSignOnHTMLAction.java
C:\workspace Eclipse Galileu\REF_3_Adventure1.0.5\aopmetrics\com\sun\j2ee\blueprints\consumerwebsite\actions\CustomerHTMLAction.java
C:\workspace Eclipse Galileu\REF_3_Adventure1.0.5\aopmetrics\com\sun\j2ee\blueprints\consumerwebsite\actions\OrderTrackingHTMLAction.java
C:\workspace Eclipse Galileu\REF_3_Adventure1.0.5\aopmetrics\com\sun\j2ee\blueprints\consumerwebsite\actions\SignOffHTMLAction.java
C:\workspace Eclipse Galileu\REF_3_Adventure1.0.5\aopmetrics\com\sun\j2ee\blueprints\consumerwebsite\actions\TransportSearchHTMLAction.java
C:\workspace Eclipse Galileu\REF_3_Adventure1.0.5\aopmetrics\com\sun\j2ee\blueprints\consumerwebsite\exceptions\CustomerException.java
C:\workspace Eclipse Galileu\REF_3_Adventure1.0.5\aopmetrics\com\sun\j2ee\blueprints\consumerwebsite\exceptions\MissingFormDataException.java
C:\workspace Eclipse Galileu\REF_3_Adventure1.0.5\aopmetrics\com\sun\j2ee\blueprints\consumerwebsite\exceptions\OrderNotFoundException.java
C:\workspace Eclipse Galileu\REF_3_Adventure1.0.5\aopmetrics\com\sun\j2ee\blueprints\consumerwebsite\exceptions\SignOnException.java
C:\workspace Eclipse Galileu\REF_3_Adventure1.0.5\aopmetrics\com\sun\j2ee\blueprints\consumerwebsite\handlers\CartFlowHandler.java
C:\workspace Eclipse Galileu\REF_3_Adventure1.0.5\aopmetrics\com\sun\j2ee\blueprints\customer\Account.java
C:\workspace Eclipse Galileu\REF_3_Adventure1.0.5\aopmetrics\com\sun\j2ee\blueprints\customer\Address.java
C:\workspace Eclipse Galileu\REF_3_Adventure1.0.5\aopmetrics\com\sun\j2ee\blueprints\customer\ContactInformation.java
C:\workspace Eclipse Galileu\REF_3_Adventure1.0.5\aopmetrics\com\sun\j2ee\blueprints\customer\CustomerException.java
C:\workspace Eclipse Galileu\REF_3_Adventure1.0.5\aopmetrics\com\sun\j2ee\blueprints\customer\CustomerFacade.java
C:\workspace Eclipse Galileu\REF_3_Adventure1.0.5\aopmetrics\com\sun\j2ee\blueprints\customer\CustomerHandler.aj
C:\workspace Eclipse Galileu\REF_3_Adventure1.0.5\aopmetrics\com\sun\j2ee\blueprints\customer\dao\AccountDAO.java
C:\workspace Eclipse Galileu\REF_3_Adventure1.0.5\aopmetrics\com\sun\j2ee\blueprints\customer\dao\AccountDAODBUpdateException.java
C:\workspace Eclipse Galileu\REF_3_Adventure1.0.5\aopmetrics\com\sun\j2ee\blueprints\customer\dao\AccountDAODupKeyException.java
C:\workspace Eclipse Galileu\REF_3_Adventure1.0.5\aopmetrics\com\sun\j2ee\blueprints\customer\dao\AccountDAOException.java
C:\workspace Eclipse Galileu\REF_3_Adventure1.0.5\aopmetrics\com\sun\j2ee\blueprints\customer\dao\AccountDAOFinderException.java
C:\workspace Eclipse Galileu\REF_3_Adventure1.0.5\aopmetrics\com\sun\j2ee\blueprints\customer\dao\AccountException.java
C:\workspace Eclipse Galileu\REF_3_Adventure1.0.5\aopmetrics\com\sun\j2ee\blueprints\customer\dao\AccountInvalidCharException.java
C:\workspace Eclipse Galileu\REF_3_Adventure1.0.5\aopmetrics\com\sun\j2ee\blueprints\customer\dao\AccountLongIdException.java
C:\workspace Eclipse Galileu\REF_3_Adventure1.0.5\aopmetrics\com\sun\j2ee\blueprints\customer\dao\DaoHandler.aj
C:\workspace Eclipse Galileu\REF_3_Adventure1.0.5\aopmetrics\com\sun\j2ee\blueprints\customer\dao\DatabaseNames.java
C:\workspace Eclipse Galileu\REF_3_Adventure1.0.5\aopmetrics\com\sun\j2ee\blueprints\customer\dao\JNDINames.java
C:\workspace Eclipse Galileu\REF_3_Adventure1.0.5\aopmetrics\com\sun\j2ee\blueprints\customer\dao\PointbaseAccountDAO.java
C:\workspace Eclipse Galileu\REF_3_Adventure1.0.5\aopmetrics\com\sun\j2ee\blueprints\lodgingsupplier\JNDINames.java
C:\workspace Eclipse Galileu\REF_3_Adventure1.0.5\aopmetrics\com\sun\j2ee\blueprints\lodgingsupplier\pomessagebean\BrokerServiceIntf.java
C:\workspace Eclipse Galileu\REF_3_Adventure1.0.5\aopmetrics\com\sun\j2ee\blueprints\lodgingsupplier\pomessagebean\BrokerServiceIntf_Impl.java
C:\workspace Eclipse Galileu\REF_3_Adventure1.0.5\aopmetrics\com\sun\j2ee\blueprints\lodgingsupplier\pomessagebean\InvalidDocumentException.java
C:\workspace Eclipse Galileu\REF_3_Adventure1.0.5\aopmetrics\com\sun\j2ee\blueprints\lodgingsupplier\pomessagebean\Invoice.java
C:\workspace Eclipse Galileu\REF_3_Adventure1.0.5\aopmetrics\com\sun\j2ee\blueprints\lodgingsupplier\pomessagebean\LodgingMessageBean.java
C:\workspace Eclipse Galileu\REF_3_Adventure1.0.5\aopmetrics\com\sun\j2ee\blueprints\lodgingsupplier\pomessagebean\PomessagebeanHandler.aj
C:\workspace Eclipse Galileu\REF_3_Adventure1.0.5\aopmetrics\com\sun\j2ee\blueprints\lodgingsupplier\pomessagebean\ProcessingException.java
C:\workspace Eclipse Galileu\REF_3_Adventure1.0.5\aopmetrics\com\sun\j2ee\blueprints\lodgingsupplier\pomessagebean\WebServiceBroker.java
C:\workspace Eclipse Galileu\REF_3_Adventure1.0.5\aopmetrics\com\sun\j2ee\blueprints\lodgingsupplier\powebservice\InvalidOrderException.java
C:\workspace Eclipse Galileu\REF_3_Adventure1.0.5\aopmetrics\com\sun\j2ee\blueprints\lodgingsupplier\powebservice\LodgingOrder.java
C:\workspace Eclipse Galileu\REF_3_Adventure1.0.5\aopmetrics\com\sun\j2ee\blueprints\lodgingsupplier\powebservice\LodgingPOEndpointBean.java
C:\workspace Eclipse Galileu\REF_3_Adventure1.0.5\aopmetrics\com\sun\j2ee\blueprints\lodgingsupplier\powebservice\LodgingPOIntf.java
C:\workspace Eclipse Galileu\REF_3_Adventure1.0.5\aopmetrics\com\sun\j2ee\blueprints\lodgingsupplier\powebservice\OrderSubmissionException.java
C:\workspace Eclipse Galileu\REF_3_Adventure1.0.5\aopmetrics\com\sun\j2ee\blueprints\lodgingsupplier\powebservice\PowebserviceHandler.aj
C:\workspace Eclipse Galileu\REF_3_Adventure1.0.5\aopmetrics\com\sun\j2ee\blueprints\lodgingsupplier\purchaseorder\ejb\LodgingOrderBean.java
C:\workspace Eclipse Galileu\REF_3_Adventure1.0.5\aopmetrics\com\sun\j2ee\blueprints\lodgingsupplier\purchaseorder\ejb\LodgingOrderLocal.java
C:\workspace Eclipse Galileu\REF_3_Adventure1.0.5\aopmetrics\com\sun\j2ee\blueprints\lodgingsupplier\purchaseorder\ejb\LodgingOrderLocalHome.java
C:\workspace Eclipse Galileu\REF_3_Adventure1.0.5\aopmetrics\com\sun\j2ee\blueprints\opc\JNDINames.java
C:\workspace Eclipse Galileu\REF_3_Adventure1.0.5\aopmetrics\com\sun\j2ee\blueprints\opc\crm\ejb\CrmBean.java
C:\workspace Eclipse Galileu\REF_3_Adventure1.0.5\aopmetrics\com\sun\j2ee\blueprints\opc\crm\ejb\EjbHandler.aj
C:\workspace Eclipse Galileu\REF_3_Adventure1.0.5\aopmetrics\com\sun\j2ee\blueprints\opc\financial\CreditCardVerifier.java
C:\workspace Eclipse Galileu\REF_3_Adventure1.0.5\aopmetrics\com\sun\j2ee\blueprints\opc\invoice\Invoice.java
C:\workspace Eclipse Galileu\REF_3_Adventure1.0.5\aopmetrics\com\sun\j2ee\blueprints\opc\invoice\InvoiceHandler.aj
C:\workspace Eclipse Galileu\REF_3_Adventure1.0.5\aopmetrics\com\sun\j2ee\blueprints\opc\invoice\XMLException.java
C:\workspace Eclipse Galileu\REF_3_Adventure1.0.5\aopmetrics\com\sun\j2ee\blueprints\opc\mailer\ByteArrayDataSource.java
C:\workspace Eclipse Galileu\REF_3_Adventure1.0.5\aopmetrics\com\sun\j2ee\blueprints\opc\mailer\JNDINames.java
C:\workspace Eclipse Galileu\REF_3_Adventure1.0.5\aopmetrics\com\sun\j2ee\blueprints\opc\mailer\Mail.java
C:\workspace Eclipse Galileu\REF_3_Adventure1.0.5\aopmetrics\com\sun\j2ee\blueprints\opc\mailer\MailHelper.java
C:\workspace Eclipse Galileu\REF_3_Adventure1.0.5\aopmetrics\com\sun\j2ee\blueprints\opc\mailer\MailerException.java
C:\workspace Eclipse Galileu\REF_3_Adventure1.0.5\aopmetrics\com\sun\j2ee\blueprints\opc\mailer\MailerHandler.aj
C:\workspace Eclipse Galileu\REF_3_Adventure1.0.5\aopmetrics\com\sun\j2ee\blueprints\opc\orderfiller\OrderFillerBean.java
C:\workspace Eclipse Galileu\REF_3_Adventure1.0.5\aopmetrics\com\sun\j2ee\blueprints\opc\orderfiller\OrderfillerHandler.aj
C:\workspace Eclipse Galileu\REF_3_Adventure1.0.5\aopmetrics\com\sun\j2ee\blueprints\opc\orderreceiver\POReceiver.java
C:\workspace Eclipse Galileu\REF_3_Adventure1.0.5\aopmetrics\com\sun\j2ee\blueprints\opc\otwebservice\OrderDetails.java
C:\workspace Eclipse Galileu\REF_3_Adventure1.0.5\aopmetrics\com\sun\j2ee\blueprints\opc\otwebservice\OrderNotFoundException.java
C:\workspace Eclipse Galileu\REF_3_Adventure1.0.5\aopmetrics\com\sun\j2ee\blueprints\opc\otwebservice\OrderTrackingIntf.java
C:\workspace Eclipse Galileu\REF_3_Adventure1.0.5\aopmetrics\com\sun\j2ee\blueprints\opc\otwebservice\OtEndpointBean.java
C:\workspace Eclipse Galileu\REF_3_Adventure1.0.5\aopmetrics\com\sun\j2ee\blueprints\opc\otwebservice\OtMessageHandler.java
C:\workspace Eclipse Galileu\REF_3_Adventure1.0.5\aopmetrics\com\sun\j2ee\blueprints\opc\otwebservice\OtwebserviceHandler.aj
C:\workspace Eclipse Galileu\REF_3_Adventure1.0.5\aopmetrics\com\sun\j2ee\blueprints\opc\powebservice\PoEndpointBean.java
C:\workspace Eclipse Galileu\REF_3_Adventure1.0.5\aopmetrics\com\sun\j2ee\blueprints\opc\powebservice\PurchaseOrderIntf.java
C:\workspace Eclipse Galileu\REF_3_Adventure1.0.5\aopmetrics\com\sun\j2ee\blueprints\opc\purchaseorder\Activity.java
C:\workspace Eclipse Galileu\REF_3_Adventure1.0.5\aopmetrics\com\sun\j2ee\blueprints\opc\purchaseorder\Address.java
C:\workspace Eclipse Galileu\REF_3_Adventure1.0.5\aopmetrics\com\sun\j2ee\blueprints\opc\purchaseorder\ContactInfo.java
C:\workspace Eclipse Galileu\REF_3_Adventure1.0.5\aopmetrics\com\sun\j2ee\blueprints\opc\purchaseorder\CreditCard.java
C:\workspace Eclipse Galileu\REF_3_Adventure1.0.5\aopmetrics\com\sun\j2ee\blueprints\opc\purchaseorder\Lodging.java
C:\workspace Eclipse Galileu\REF_3_Adventure1.0.5\aopmetrics\com\sun\j2ee\blueprints\opc\purchaseorder\PurchaseOrder.java
C:\workspace Eclipse Galileu\REF_3_Adventure1.0.5\aopmetrics\com\sun\j2ee\blueprints\opc\purchaseorder\Transportation.java
C:\workspace Eclipse Galileu\REF_3_Adventure1.0.5\aopmetrics\com\sun\j2ee\blueprints\opc\purchaseorder\XMLException.java
C:\workspace Eclipse Galileu\REF_3_Adventure1.0.5\aopmetrics\com\sun\j2ee\blueprints\opc\purchaseorder\ejb\ActivityBean.java
C:\workspace Eclipse Galileu\REF_3_Adventure1.0.5\aopmetrics\com\sun\j2ee\blueprints\opc\purchaseorder\ejb\ActivityLocal.java
C:\workspace Eclipse Galileu\REF_3_Adventure1.0.5\aopmetrics\com\sun\j2ee\blueprints\opc\purchaseorder\ejb\ActivityLocalHome.java
C:\workspace Eclipse Galileu\REF_3_Adventure1.0.5\aopmetrics\com\sun\j2ee\blueprints\opc\purchaseorder\ejb\AddressBean.java
C:\workspace Eclipse Galileu\REF_3_Adventure1.0.5\aopmetrics\com\sun\j2ee\blueprints\opc\purchaseorder\ejb\AddressLocal.java
C:\workspace Eclipse Galileu\REF_3_Adventure1.0.5\aopmetrics\com\sun\j2ee\blueprints\opc\purchaseorder\ejb\AddressLocalHome.java
C:\workspace Eclipse Galileu\REF_3_Adventure1.0.5\aopmetrics\com\sun\j2ee\blueprints\opc\purchaseorder\ejb\ContactInfoBean.java
C:\workspace Eclipse Galileu\REF_3_Adventure1.0.5\aopmetrics\com\sun\j2ee\blueprints\opc\purchaseorder\ejb\ContactInfoLocal.java
C:\workspace Eclipse Galileu\REF_3_Adventure1.0.5\aopmetrics\com\sun\j2ee\blueprints\opc\purchaseorder\ejb\ContactInfoLocalHome.java
C:\workspace Eclipse Galileu\REF_3_Adventure1.0.5\aopmetrics\com\sun\j2ee\blueprints\opc\purchaseorder\ejb\CreditCardBean.java
C:\workspace Eclipse Galileu\REF_3_Adventure1.0.5\aopmetrics\com\sun\j2ee\blueprints\opc\purchaseorder\ejb\CreditCardLocal.java
C:\workspace Eclipse Galileu\REF_3_Adventure1.0.5\aopmetrics\com\sun\j2ee\blueprints\opc\purchaseorder\ejb\CreditCardLocalHome.java
C:\workspace Eclipse Galileu\REF_3_Adventure1.0.5\aopmetrics\com\sun\j2ee\blueprints\opc\purchaseorder\ejb\EjbHandler.aj
C:\workspace Eclipse Galileu\REF_3_Adventure1.0.5\aopmetrics\com\sun\j2ee\blueprints\opc\purchaseorder\ejb\JNDINames.java
C:\workspace Eclipse Galileu\REF_3_Adventure1.0.5\aopmetrics\com\sun\j2ee\blueprints\opc\purchaseorder\ejb\LodgingBean.java
C:\workspace Eclipse Galileu\REF_3_Adventure1.0.5\aopmetrics\com\sun\j2ee\blueprints\opc\purchaseorder\ejb\LodgingLocal.java
C:\workspace Eclipse Galileu\REF_3_Adventure1.0.5\aopmetrics\com\sun\j2ee\blueprints\opc\purchaseorder\ejb\LodgingLocalHome.java
C:\workspace Eclipse Galileu\REF_3_Adventure1.0.5\aopmetrics\com\sun\j2ee\blueprints\opc\purchaseorder\ejb\PurchaseOrderBean.java
C:\workspace Eclipse Galileu\REF_3_Adventure1.0.5\aopmetrics\com\sun\j2ee\blueprints\opc\purchaseorder\ejb\PurchaseOrderLocal.java
C:\workspace Eclipse Galileu\REF_3_Adventure1.0.5\aopmetrics\com\sun\j2ee\blueprints\opc\purchaseorder\ejb\PurchaseOrderLocalHome.java
C:\workspace Eclipse Galileu\REF_3_Adventure1.0.5\aopmetrics\com\sun\j2ee\blueprints\opc\purchaseorder\ejb\TransportationBean.java
C:\workspace Eclipse Galileu\REF_3_Adventure1.0.5\aopmetrics\com\sun\j2ee\blueprints\opc\purchaseorder\ejb\TransportationLocal.java
C:\workspace Eclipse Galileu\REF_3_Adventure1.0.5\aopmetrics\com\sun\j2ee\blueprints\opc\purchaseorder\ejb\TransportationLocalHome.java
C:\workspace Eclipse Galileu\REF_3_Adventure1.0.5\aopmetrics\com\sun\j2ee\blueprints\opc\serviceexceptions\InvalidDocumentException.java
C:\workspace Eclipse Galileu\REF_3_Adventure1.0.5\aopmetrics\com\sun\j2ee\blueprints\opc\serviceexceptions\InvalidPOException.java
C:\workspace Eclipse Galileu\REF_3_Adventure1.0.5\aopmetrics\com\sun\j2ee\blueprints\opc\serviceexceptions\ProcessingException.java
C:\workspace Eclipse Galileu\REF_3_Adventure1.0.5\aopmetrics\com\sun\j2ee\blueprints\opc\utils\JMSUtils.java
C:\workspace Eclipse Galileu\REF_3_Adventure1.0.5\aopmetrics\com\sun\j2ee\blueprints\opc\utils\UtilsHandler.aj
C:\workspace Eclipse Galileu\REF_3_Adventure1.0.5\aopmetrics\com\sun\j2ee\blueprints\opc\webservicebroker\provider\BrokerEntityResolver.java
C:\workspace Eclipse Galileu\REF_3_Adventure1.0.5\aopmetrics\com\sun\j2ee\blueprints\opc\webservicebroker\provider\BrokerServiceBean.java
C:\workspace Eclipse Galileu\REF_3_Adventure1.0.5\aopmetrics\com\sun\j2ee\blueprints\opc\webservicebroker\provider\BrokerServiceIntf.java
C:\workspace Eclipse Galileu\REF_3_Adventure1.0.5\aopmetrics\com\sun\j2ee\blueprints\opc\webservicebroker\provider\BrokerTransformer.java
C:\workspace Eclipse Galileu\REF_3_Adventure1.0.5\aopmetrics\com\sun\j2ee\blueprints\opc\webservicebroker\provider\BrokerXMLMessageErrorHandler.java
C:\workspace Eclipse Galileu\REF_3_Adventure1.0.5\aopmetrics\com\sun\j2ee\blueprints\opc\webservicebroker\provider\ProviderHandler.aj
C:\workspace Eclipse Galileu\REF_3_Adventure1.0.5\aopmetrics\com\sun\j2ee\blueprints\opc\webservicebroker\requestor\ActivitySupplierClient.java
C:\workspace Eclipse Galileu\REF_3_Adventure1.0.5\aopmetrics\com\sun\j2ee\blueprints\opc\webservicebroker\requestor\AirlineSupplierClient.java
C:\workspace Eclipse Galileu\REF_3_Adventure1.0.5\aopmetrics\com\sun\j2ee\blueprints\opc\webservicebroker\requestor\BrokerRequestorBean.java
C:\workspace Eclipse Galileu\REF_3_Adventure1.0.5\aopmetrics\com\sun\j2ee\blueprints\opc\webservicebroker\requestor\LodgingSupplierClient.java
C:\workspace Eclipse Galileu\REF_3_Adventure1.0.5\aopmetrics\com\sun\j2ee\blueprints\opc\webservicebroker\requestor\RequestorHandler.aj
C:\workspace Eclipse Galileu\REF_3_Adventure1.0.5\aopmetrics\com\sun\j2ee\blueprints\opc\webservicebroker\requestor\WSClient.java
C:\workspace Eclipse Galileu\REF_3_Adventure1.0.5\aopmetrics\com\sun\j2ee\blueprints\opc\webservicebroker\requestor\WSClientFactory.java
C:\workspace Eclipse Galileu\REF_3_Adventure1.0.5\aopmetrics\com\sun\j2ee\blueprints\opc\workflowmanager\WorkFlowManagerBean.java
C:\workspace Eclipse Galileu\REF_3_Adventure1.0.5\aopmetrics\com\sun\j2ee\blueprints\opc\workflowmanager\WorkflowmanagerHandler.aj
C:\workspace Eclipse Galileu\REF_3_Adventure1.0.5\aopmetrics\com\sun\j2ee\blueprints\opc\workflowmanager\handlers\HandlerException.java
C:\workspace Eclipse Galileu\REF_3_Adventure1.0.5\aopmetrics\com\sun\j2ee\blueprints\opc\workflowmanager\handlers\HandlersHandler.aj
C:\workspace Eclipse Galileu\REF_3_Adventure1.0.5\aopmetrics\com\sun\j2ee\blueprints\opc\workflowmanager\handlers\InvoiceHandler.java
C:\workspace Eclipse Galileu\REF_3_Adventure1.0.5\aopmetrics\com\sun\j2ee\blueprints\opc\workflowmanager\handlers\POHandler.java
C:\workspace Eclipse Galileu\REF_3_Adventure1.0.5\aopmetrics\com\sun\j2ee\blueprints\processmanager\ejb\EjbHandler.aj
C:\workspace Eclipse Galileu\REF_3_Adventure1.0.5\aopmetrics\com\sun\j2ee\blueprints\processmanager\ejb\OrderStatusNames.java
C:\workspace Eclipse Galileu\REF_3_Adventure1.0.5\aopmetrics\com\sun\j2ee\blueprints\processmanager\ejb\ProcessManagerBean.java
C:\workspace Eclipse Galileu\REF_3_Adventure1.0.5\aopmetrics\com\sun\j2ee\blueprints\processmanager\ejb\ProcessManagerLocal.java
C:\workspace Eclipse Galileu\REF_3_Adventure1.0.5\aopmetrics\com\sun\j2ee\blueprints\processmanager\ejb\ProcessManagerLocalHome.java
C:\workspace Eclipse Galileu\REF_3_Adventure1.0.5\aopmetrics\com\sun\j2ee\blueprints\processmanager\manager\ejb\ManagerBean.java
C:\workspace Eclipse Galileu\REF_3_Adventure1.0.5\aopmetrics\com\sun\j2ee\blueprints\processmanager\manager\ejb\ManagerLocal.java
C:\workspace Eclipse Galileu\REF_3_Adventure1.0.5\aopmetrics\com\sun\j2ee\blueprints\processmanager\manager\ejb\ManagerLocalHome.java
C:\workspace Eclipse Galileu\REF_3_Adventure1.0.5\aopmetrics\com\sun\j2ee\blueprints\processmanager\transitions\TransitionDelegate.java
C:\workspace Eclipse Galileu\REF_3_Adventure1.0.5\aopmetrics\com\sun\j2ee\blueprints\processmanager\transitions\TransitionDelegateFactory.java
C:\workspace Eclipse Galileu\REF_3_Adventure1.0.5\aopmetrics\com\sun\j2ee\blueprints\processmanager\transitions\TransitionException.java
C:\workspace Eclipse Galileu\REF_3_Adventure1.0.5\aopmetrics\com\sun\j2ee\blueprints\processmanager\transitions\TransitionInfo.java
C:\workspace Eclipse Galileu\REF_3_Adventure1.0.5\aopmetrics\com\sun\j2ee\blueprints\processmanager\transitions\TransitionsHandler.aj
C:\workspace Eclipse Galileu\REF_3_Adventure1.0.5\aopmetrics\com\sun\j2ee\blueprints\servicelocator\ServiceLocatorException.java
C:\workspace Eclipse Galileu\REF_3_Adventure1.0.5\aopmetrics\com\sun\j2ee\blueprints\servicelocator\ejb\ServiceLocator.java
C:\workspace Eclipse Galileu\REF_3_Adventure1.0.5\aopmetrics\com\sun\j2ee\blueprints\servicelocator\web\ServiceLocator.java
C:\workspace Eclipse Galileu\REF_3_Adventure1.0.5\aopmetrics\com\sun\j2ee\blueprints\signon\SignOnDupKeyException.java
C:\workspace Eclipse Galileu\REF_3_Adventure1.0.5\aopmetrics\com\sun\j2ee\blueprints\signon\SignOnException.java
C:\workspace Eclipse Galileu\REF_3_Adventure1.0.5\aopmetrics\com\sun\j2ee\blueprints\signon\SignOnFacade.java
C:\workspace Eclipse Galileu\REF_3_Adventure1.0.5\aopmetrics\com\sun\j2ee\blueprints\signon\SignOnInvalidCharException.java
C:\workspace Eclipse Galileu\REF_3_Adventure1.0.5\aopmetrics\com\sun\j2ee\blueprints\signon\SignOnLongIdException.java
C:\workspace Eclipse Galileu\REF_3_Adventure1.0.5\aopmetrics\com\sun\j2ee\blueprints\signon\SignonHandler.aj
C:\workspace Eclipse Galileu\REF_3_Adventure1.0.5\aopmetrics\com\sun\j2ee\blueprints\signon\dao\DaoHandler.aj
C:\workspace Eclipse Galileu\REF_3_Adventure1.0.5\aopmetrics\com\sun\j2ee\blueprints\signon\dao\DatabaseNames.java
C:\workspace Eclipse Galileu\REF_3_Adventure1.0.5\aopmetrics\com\sun\j2ee\blueprints\signon\dao\InvalidPasswordException.java
C:\workspace Eclipse Galileu\REF_3_Adventure1.0.5\aopmetrics\com\sun\j2ee\blueprints\signon\dao\JNDINames.java
C:\workspace Eclipse Galileu\REF_3_Adventure1.0.5\aopmetrics\com\sun\j2ee\blueprints\signon\dao\PointbaseUserDAO.java
C:\workspace Eclipse Galileu\REF_3_Adventure1.0.5\aopmetrics\com\sun\j2ee\blueprints\signon\dao\SignOnDAODupKeyException.java
C:\workspace Eclipse Galileu\REF_3_Adventure1.0.5\aopmetrics\com\sun\j2ee\blueprints\signon\dao\SignOnDAOFinderException.java
C:\workspace Eclipse Galileu\REF_3_Adventure1.0.5\aopmetrics\com\sun\j2ee\blueprints\signon\dao\UserDAO.java
C:\workspace Eclipse Galileu\REF_3_Adventure1.0.5\aopmetrics\com\sun\j2ee\blueprints\signon\web\ConfigFileSignOnDAO.java
C:\workspace Eclipse Galileu\REF_3_Adventure1.0.5\aopmetrics\com\sun\j2ee\blueprints\signon\web\ProtectedResource.java
C:\workspace Eclipse Galileu\REF_3_Adventure1.0.5\aopmetrics\com\sun\j2ee\blueprints\signon\web\SignOnFilter.java
C:\workspace Eclipse Galileu\REF_3_Adventure1.0.5\aopmetrics\com\sun\j2ee\blueprints\signon\web\WebHandler.aj
C:\workspace Eclipse Galileu\REF_3_Adventure1.0.5\aopmetrics\com\sun\j2ee\blueprints\taglibs\smart\CacheTag.java
C:\workspace Eclipse Galileu\REF_3_Adventure1.0.5\aopmetrics\com\sun\j2ee\blueprints\taglibs\smart\CheckboxTag.java
C:\workspace Eclipse Galileu\REF_3_Adventure1.0.5\aopmetrics\com\sun\j2ee\blueprints\taglibs\smart\CheckedTag.java
C:\workspace Eclipse Galileu\REF_3_Adventure1.0.5\aopmetrics\com\sun\j2ee\blueprints\taglibs\smart\ClientStateTag.java
C:\workspace Eclipse Galileu\REF_3_Adventure1.0.5\aopmetrics\com\sun\j2ee\blueprints\taglibs\smart\ClientStateValueTag.java
C:\workspace Eclipse Galileu\REF_3_Adventure1.0.5\aopmetrics\com\sun\j2ee\blueprints\taglibs\smart\DateSelectorTag.java
C:\workspace Eclipse Galileu\REF_3_Adventure1.0.5\aopmetrics\com\sun\j2ee\blueprints\taglibs\smart\FormTag.java
C:\workspace Eclipse Galileu\REF_3_Adventure1.0.5\aopmetrics\com\sun\j2ee\blueprints\taglibs\smart\InputTag.java
C:\workspace Eclipse Galileu\REF_3_Adventure1.0.5\aopmetrics\com\sun\j2ee\blueprints\taglibs\smart\NameTag.java
C:\workspace Eclipse Galileu\REF_3_Adventure1.0.5\aopmetrics\com\sun\j2ee\blueprints\taglibs\smart\OptionTag.java
C:\workspace Eclipse Galileu\REF_3_Adventure1.0.5\aopmetrics\com\sun\j2ee\blueprints\taglibs\smart\SelectTag.java
C:\workspace Eclipse Galileu\REF_3_Adventure1.0.5\aopmetrics\com\sun\j2ee\blueprints\taglibs\smart\SelectedTag.java
C:\workspace Eclipse Galileu\REF_3_Adventure1.0.5\aopmetrics\com\sun\j2ee\blueprints\taglibs\smart\SmartHandler.aj
C:\workspace Eclipse Galileu\REF_3_Adventure1.0.5\aopmetrics\com\sun\j2ee\blueprints\taglibs\smart\ValueTag.java
C:\workspace Eclipse Galileu\REF_3_Adventure1.0.5\aopmetrics\com\sun\j2ee\blueprints\util\dao\DAOFactory.java
C:\workspace Eclipse Galileu\REF_3_Adventure1.0.5\aopmetrics\com\sun\j2ee\blueprints\util\dao\DAOSystemException.java
C:\workspace Eclipse Galileu\REF_3_Adventure1.0.5\aopmetrics\com\sun\j2ee\blueprints\util\dao\DAOUtils.java
C:\workspace Eclipse Galileu\REF_3_Adventure1.0.5\aopmetrics\com\sun\j2ee\blueprints\util\dao\DaoHandler.aj
C:\workspace Eclipse Galileu\REF_3_Adventure1.0.5\aopmetrics\com\sun\j2ee\blueprints\util\tracer\Debug.java
C:\workspace Eclipse Galileu\REF_3_Adventure1.0.5\aopmetrics\com\sun\j2ee\blueprints\waf\controller\AppException.java
C:\workspace Eclipse Galileu\REF_3_Adventure1.0.5\aopmetrics\com\sun\j2ee\blueprints\waf\controller\Command.java
C:\workspace Eclipse Galileu\REF_3_Adventure1.0.5\aopmetrics\com\sun\j2ee\blueprints\waf\controller\CommandFactory.java
C:\workspace Eclipse Galileu\REF_3_Adventure1.0.5\aopmetrics\com\sun\j2ee\blueprints\waf\controller\CommandSupport.java
C:\workspace Eclipse Galileu\REF_3_Adventure1.0.5\aopmetrics\com\sun\j2ee\blueprints\waf\controller\ControllerHandler.aj
C:\workspace Eclipse Galileu\REF_3_Adventure1.0.5\aopmetrics\com\sun\j2ee\blueprints\waf\controller\Event.java
C:\workspace Eclipse Galileu\REF_3_Adventure1.0.5\aopmetrics\com\sun\j2ee\blueprints\waf\controller\EventException.java
C:\workspace Eclipse Galileu\REF_3_Adventure1.0.5\aopmetrics\com\sun\j2ee\blueprints\waf\controller\EventResponse.java
C:\workspace Eclipse Galileu\REF_3_Adventure1.0.5\aopmetrics\com\sun\j2ee\blueprints\waf\controller\EventResponseSupport.java
C:\workspace Eclipse Galileu\REF_3_Adventure1.0.5\aopmetrics\com\sun\j2ee\blueprints\waf\controller\EventSupport.java
C:\workspace Eclipse Galileu\REF_3_Adventure1.0.5\aopmetrics\com\sun\j2ee\blueprints\waf\controller\GeneralFailureException.java
C:\workspace Eclipse Galileu\REF_3_Adventure1.0.5\aopmetrics\com\sun\j2ee\blueprints\waf\controller\ejb\EJBCommand.java
C:\workspace Eclipse Galileu\REF_3_Adventure1.0.5\aopmetrics\com\sun\j2ee\blueprints\waf\controller\ejb\EJBCommandSupport.java
C:\workspace Eclipse Galileu\REF_3_Adventure1.0.5\aopmetrics\com\sun\j2ee\blueprints\waf\controller\ejb\EJBControllerLocal.java
C:\workspace Eclipse Galileu\REF_3_Adventure1.0.5\aopmetrics\com\sun\j2ee\blueprints\waf\controller\ejb\EJBControllerLocalEJB.java
C:\workspace Eclipse Galileu\REF_3_Adventure1.0.5\aopmetrics\com\sun\j2ee\blueprints\waf\controller\ejb\EJBControllerLocalHome.java
C:\workspace Eclipse Galileu\REF_3_Adventure1.0.5\aopmetrics\com\sun\j2ee\blueprints\waf\controller\ejb\EjbHandler.aj
C:\workspace Eclipse Galileu\REF_3_Adventure1.0.5\aopmetrics\com\sun\j2ee\blueprints\waf\controller\ejb\StateMachine.java
C:\workspace Eclipse Galileu\REF_3_Adventure1.0.5\aopmetrics\com\sun\j2ee\blueprints\waf\controller\impl\ChangeLocaleEvent.java
C:\workspace Eclipse Galileu\REF_3_Adventure1.0.5\aopmetrics\com\sun\j2ee\blueprints\waf\controller\impl\ClientStateFlowHandler.java
C:\workspace Eclipse Galileu\REF_3_Adventure1.0.5\aopmetrics\com\sun\j2ee\blueprints\waf\controller\impl\ImplHandler.aj
C:\workspace Eclipse Galileu\REF_3_Adventure1.0.5\aopmetrics\com\sun\j2ee\blueprints\waf\controller\web\Action.java
C:\workspace Eclipse Galileu\REF_3_Adventure1.0.5\aopmetrics\com\sun\j2ee\blueprints\waf\controller\web\ActionException.java
C:\workspace Eclipse Galileu\REF_3_Adventure1.0.5\aopmetrics\com\sun\j2ee\blueprints\waf\controller\web\ApplicationComponentManager.java
C:\workspace Eclipse Galileu\REF_3_Adventure1.0.5\aopmetrics\com\sun\j2ee\blueprints\waf\controller\web\ComponentManager.java
C:\workspace Eclipse Galileu\REF_3_Adventure1.0.5\aopmetrics\com\sun\j2ee\blueprints\waf\controller\web\DefaultComponentManager.java
C:\workspace Eclipse Galileu\REF_3_Adventure1.0.5\aopmetrics\com\sun\j2ee\blueprints\waf\controller\web\DefaultWebController.java
C:\workspace Eclipse Galileu\REF_3_Adventure1.0.5\aopmetrics\com\sun\j2ee\blueprints\waf\controller\web\EJBProxyWebController.java
C:\workspace Eclipse Galileu\REF_3_Adventure1.0.5\aopmetrics\com\sun\j2ee\blueprints\waf\controller\web\ErrorMapping.java
C:\workspace Eclipse Galileu\REF_3_Adventure1.0.5\aopmetrics\com\sun\j2ee\blueprints\waf\controller\web\EventMapping.java
C:\workspace Eclipse Galileu\REF_3_Adventure1.0.5\aopmetrics\com\sun\j2ee\blueprints\waf\controller\web\FlowHandler.java
C:\workspace Eclipse Galileu\REF_3_Adventure1.0.5\aopmetrics\com\sun\j2ee\blueprints\waf\controller\web\FlowHandlerException.java
C:\workspace Eclipse Galileu\REF_3_Adventure1.0.5\aopmetrics\com\sun\j2ee\blueprints\waf\controller\web\MainServlet.java
C:\workspace Eclipse Galileu\REF_3_Adventure1.0.5\aopmetrics\com\sun\j2ee\blueprints\waf\controller\web\RequestProcessor.java
C:\workspace Eclipse Galileu\REF_3_Adventure1.0.5\aopmetrics\com\sun\j2ee\blueprints\waf\controller\web\ScreenFlowData.java
C:\workspace Eclipse Galileu\REF_3_Adventure1.0.5\aopmetrics\com\sun\j2ee\blueprints\waf\controller\web\ScreenFlowManager.java
C:\workspace Eclipse Galileu\REF_3_Adventure1.0.5\aopmetrics\com\sun\j2ee\blueprints\waf\controller\web\URLMapping.java
C:\workspace Eclipse Galileu\REF_3_Adventure1.0.5\aopmetrics\com\sun\j2ee\blueprints\waf\controller\web\URLMappingsXmlDAO.java
C:\workspace Eclipse Galileu\REF_3_Adventure1.0.5\aopmetrics\com\sun\j2ee\blueprints\waf\controller\web\WebComponentManager.java
C:\workspace Eclipse Galileu\REF_3_Adventure1.0.5\aopmetrics\com\sun\j2ee\blueprints\waf\controller\web\WebController.java
C:\workspace Eclipse Galileu\REF_3_Adventure1.0.5\aopmetrics\com\sun\j2ee\blueprints\waf\controller\web\WebHandler.aj
C:\workspace Eclipse Galileu\REF_3_Adventure1.0.5\aopmetrics\com\sun\j2ee\blueprints\waf\controller\web\html\HTMLAction.java
C:\workspace Eclipse Galileu\REF_3_Adventure1.0.5\aopmetrics\com\sun\j2ee\blueprints\waf\controller\web\html\HTMLActionException.java
C:\workspace Eclipse Galileu\REF_3_Adventure1.0.5\aopmetrics\com\sun\j2ee\blueprints\waf\controller\web\html\HTMLActionSupport.java
C:\workspace Eclipse Galileu\REF_3_Adventure1.0.5\aopmetrics\com\sun\j2ee\blueprints\waf\controller\web\html\impl\ChangeLocaleHTMLAction.java
C:\workspace Eclipse Galileu\REF_3_Adventure1.0.5\aopmetrics\com\sun\j2ee\blueprints\waf\controller\web\util\WebKeys.java
C:\workspace Eclipse Galileu\REF_3_Adventure1.0.5\aopmetrics\com\sun\j2ee\blueprints\waf\util\I18nUtil.java
C:\workspace Eclipse Galileu\REF_3_Adventure1.0.5\aopmetrics\com\sun\j2ee\blueprints\waf\util\JNDINames.java
C:\workspace Eclipse Galileu\REF_3_Adventure1.0.5\aopmetrics\com\sun\j2ee\blueprints\waf\util\UtilHandler.aj
C:\workspace Eclipse Galileu\REF_3_Adventure1.0.5\aopmetrics\com\sun\j2ee\blueprints\waf\view\template\InsertTag.java
C:\workspace Eclipse Galileu\REF_3_Adventure1.0.5\aopmetrics\com\sun\j2ee\blueprints\waf\view\template\Parameter.java
C:\workspace Eclipse Galileu\REF_3_Adventure1.0.5\aopmetrics\com\sun\j2ee\blueprints\waf\view\template\Screen.java
C:\workspace Eclipse Galileu\REF_3_Adventure1.0.5\aopmetrics\com\sun\j2ee\blueprints\waf\view\template\ScreenDefinitionDAO.java
C:\workspace Eclipse Galileu\REF_3_Adventure1.0.5\aopmetrics\com\sun\j2ee\blueprints\waf\view\template\Screens.java
C:\workspace Eclipse Galileu\REF_3_Adventure1.0.5\aopmetrics\com\sun\j2ee\blueprints\waf\view\template\TemplateHandler.aj
C:\workspace Eclipse Galileu\REF_3_Adventure1.0.5\aopmetrics\com\sun\j2ee\blueprints\waf\view\template\TemplateServlet.java
C:\workspace Eclipse Galileu\REF_3_Adventure1.0.5\aopmetrics\jaxrpc\client\classes\com\sun\j2ee\blueprints\consumerwebsite\actions\Activity.java
C:\workspace Eclipse Galileu\REF_3_Adventure1.0.5\aopmetrics\jaxrpc\client\classes\com\sun\j2ee\blueprints\consumerwebsite\actions\Address.java
C:\workspace Eclipse Galileu\REF_3_Adventure1.0.5\aopmetrics\jaxrpc\client\classes\com\sun\j2ee\blueprints\consumerwebsite\actions\ContactInfo.java
C:\workspace Eclipse Galileu\REF_3_Adventure1.0.5\aopmetrics\jaxrpc\client\classes\com\sun\j2ee\blueprints\consumerwebsite\actions\CreditCard.java
C:\workspace Eclipse Galileu\REF_3_Adventure1.0.5\aopmetrics\jaxrpc\client\classes\com\sun\j2ee\blueprints\consumerwebsite\actions\InvalidPOException.java
C:\workspace Eclipse Galileu\REF_3_Adventure1.0.5\aopmetrics\jaxrpc\client\classes\com\sun\j2ee\blueprints\consumerwebsite\actions\Lodging.java
C:\workspace Eclipse Galileu\REF_3_Adventure1.0.5\aopmetrics\jaxrpc\client\classes\com\sun\j2ee\blueprints\consumerwebsite\actions\OpcOrderTrackingService.java
C:\workspace Eclipse Galileu\REF_3_Adventure1.0.5\aopmetrics\jaxrpc\client\classes\com\sun\j2ee\blueprints\consumerwebsite\actions\OpcPurchaseOrderService.java
C:\workspace Eclipse Galileu\REF_3_Adventure1.0.5\aopmetrics\jaxrpc\client\classes\com\sun\j2ee\blueprints\consumerwebsite\actions\OrderDetails.java
C:\workspace Eclipse Galileu\REF_3_Adventure1.0.5\aopmetrics\jaxrpc\client\classes\com\sun\j2ee\blueprints\consumerwebsite\actions\OrderNotFoundException.java
C:\workspace Eclipse Galileu\REF_3_Adventure1.0.5\aopmetrics\jaxrpc\client\classes\com\sun\j2ee\blueprints\consumerwebsite\actions\OrderTrackingIntf.java
C:\workspace Eclipse Galileu\REF_3_Adventure1.0.5\aopmetrics\jaxrpc\client\classes\com\sun\j2ee\blueprints\consumerwebsite\actions\OrderTrackingIntf_Impl.java
C:\workspace Eclipse Galileu\REF_3_Adventure1.0.5\aopmetrics\jaxrpc\client\classes\com\sun\j2ee\blueprints\consumerwebsite\actions\ProcessingException.java
C:\workspace Eclipse Galileu\REF_3_Adventure1.0.5\aopmetrics\jaxrpc\client\classes\com\sun\j2ee\blueprints\consumerwebsite\actions\PurchaseOrder.java
C:\workspace Eclipse Galileu\REF_3_Adventure1.0.5\aopmetrics\jaxrpc\client\classes\com\sun\j2ee\blueprints\consumerwebsite\actions\PurchaseOrderIntf.java
C:\workspace Eclipse Galileu\REF_3_Adventure1.0.5\aopmetrics\jaxrpc\client\classes\com\sun\j2ee\blueprints\consumerwebsite\actions\PurchaseOrderIntf_Impl.java
C:\workspace Eclipse Galileu\REF_3_Adventure1.0.5\aopmetrics\jaxrpc\client\classes\com\sun\j2ee\blueprints\consumerwebsite\actions\Transportation.java
