C:\Development\workspaceMM\Ecletex\ish.ecletex_0.0.4\src\ish\ecletex\ImageProvider.java
C:\Development\workspaceMM\Ecletex\ish.ecletex_0.0.4\src\ish\ecletex\WordNetProvider.java
C:\Development\workspaceMM\Ecletex\ish.ecletex_0.0.4\src\ish\ecletex\builders\MarkerTypes.java
C:\Development\workspaceMM\Ecletex\ish.ecletex_0.0.4\src\ish\ecletex\builders\TeXBuildEvent.java
C:\Development\workspaceMM\Ecletex\ish.ecletex_0.0.4\src\ish\ecletex\builders\ecletexBibtexBuildManager.java
C:\Development\workspaceMM\Ecletex\ish.ecletex_0.0.4\src\ish\ecletex\builders\ecletexBuildVisitor.java
C:\Development\workspaceMM\Ecletex\ish.ecletex_0.0.4\src\ish\ecletex\builders\ecletexBuilder.java
C:\Development\workspaceMM\Ecletex\ish.ecletex_0.0.4\src\ish\ecletex\builders\ecletexLatexBuildManager.java
C:\Development\workspaceMM\Ecletex\ish.ecletex_0.0.4\src\ish\ecletex\builders\ecletexPDFBuildManager.java
C:\Development\workspaceMM\Ecletex\ish.ecletex_0.0.4\src\ish\ecletex\builders\ecletexPSBuildManager.java
C:\Development\workspaceMM\Ecletex\ish.ecletex_0.0.4\src\ish\ecletex\builders\latexlogparser\Entry.java
C:\Development\workspaceMM\Ecletex\ish.ecletex_0.0.4\src\ish\ecletex\builders\latexlogparser\Model.java
C:\Development\workspaceMM\Ecletex\ish.ecletex_0.0.4\src\ish\ecletex\builders\latexlogparser\Parser.java
C:\Development\workspaceMM\Ecletex\ish.ecletex_0.0.4\src\ish\ecletex\ecletexPlugin.java
C:\Development\workspaceMM\Ecletex\ish.ecletex_0.0.4\src\ish\ecletex\editors\bibtex\BibTeXEditor.java
C:\Development\workspaceMM\Ecletex\ish.ecletex_0.0.4\src\ish\ecletex\editors\bibtex\BibTexFormGen.java
C:\Development\workspaceMM\Ecletex\ish.ecletex_0.0.4\src\ish\ecletex\editors\bibtex\MultiPageEditorContributor.java
C:\Development\workspaceMM\Ecletex\ish.ecletex_0.0.4\src\ish\ecletex\editors\bibtex\dom\BibtexAbstractEntry.java
C:\Development\workspaceMM\Ecletex\ish.ecletex_0.0.4\src\ish\ecletex\editors\bibtex\dom\BibtexAbstractValue.java
C:\Development\workspaceMM\Ecletex\ish.ecletex_0.0.4\src\ish\ecletex\editors\bibtex\dom\BibtexConcatenatedValue.java
C:\Development\workspaceMM\Ecletex\ish.ecletex_0.0.4\src\ish\ecletex\editors\bibtex\dom\BibtexEntry.java
C:\Development\workspaceMM\Ecletex\ish.ecletex_0.0.4\src\ish\ecletex\editors\bibtex\dom\BibtexFile.java
C:\Development\workspaceMM\Ecletex\ish.ecletex_0.0.4\src\ish\ecletex\editors\bibtex\dom\BibtexMacroDefinition.java
C:\Development\workspaceMM\Ecletex\ish.ecletex_0.0.4\src\ish\ecletex\editors\bibtex\dom\BibtexMacroReference.java
C:\Development\workspaceMM\Ecletex\ish.ecletex_0.0.4\src\ish\ecletex\editors\bibtex\dom\BibtexNode.java
C:\Development\workspaceMM\Ecletex\ish.ecletex_0.0.4\src\ish\ecletex\editors\bibtex\dom\BibtexPerson.java
C:\Development\workspaceMM\Ecletex\ish.ecletex_0.0.4\src\ish\ecletex\editors\bibtex\dom\BibtexPersonList.java
C:\Development\workspaceMM\Ecletex\ish.ecletex_0.0.4\src\ish\ecletex\editors\bibtex\dom\BibtexPreamble.java
C:\Development\workspaceMM\Ecletex\ish.ecletex_0.0.4\src\ish\ecletex\editors\bibtex\dom\BibtexStandardMacros.java
C:\Development\workspaceMM\Ecletex\ish.ecletex_0.0.4\src\ish\ecletex\editors\bibtex\dom\BibtexString.java
C:\Development\workspaceMM\Ecletex\ish.ecletex_0.0.4\src\ish\ecletex\editors\bibtex\dom\BibtexToplevelComment.java
C:\Development\workspaceMM\Ecletex\ish.ecletex_0.0.4\src\ish\ecletex\editors\bibtex\expansions\AbstractExpander.java
C:\Development\workspaceMM\Ecletex\ish.ecletex_0.0.4\src\ish\ecletex\editors\bibtex\expansions\BibtexPersonListParser.java
C:\Development\workspaceMM\Ecletex\ish.ecletex_0.0.4\src\ish\ecletex\editors\bibtex\expansions\CrossReferenceExpander.java
C:\Development\workspaceMM\Ecletex\ish.ecletex_0.0.4\src\ish\ecletex\editors\bibtex\expansions\Expander.java
C:\Development\workspaceMM\Ecletex\ish.ecletex_0.0.4\src\ish\ecletex\editors\bibtex\expansions\ExpansionException.java
C:\Development\workspaceMM\Ecletex\ish.ecletex_0.0.4\src\ish\ecletex\editors\bibtex\expansions\MacroReferenceExpander.java
C:\Development\workspaceMM\Ecletex\ish.ecletex_0.0.4\src\ish\ecletex\editors\bibtex\expansions\PersonListExpander.java
C:\Development\workspaceMM\Ecletex\ish.ecletex_0.0.4\src\ish\ecletex\editors\bibtex\expansions\PersonListParserException.java
C:\Development\workspaceMM\Ecletex\ish.ecletex_0.0.4\src\ish\ecletex\editors\bibtex\parser\BibtexParser.java
C:\Development\workspaceMM\Ecletex\ish.ecletex_0.0.4\src\ish\ecletex\editors\bibtex\parser\LookAheadReader.java
C:\Development\workspaceMM\Ecletex\ish.ecletex_0.0.4\src\ish\ecletex\editors\bibtex\parser\ParseException.java
C:\Development\workspaceMM\Ecletex\ish.ecletex_0.0.4\src\ish\ecletex\editors\bibtex\parser\PseudoLexer.java
C:\Development\workspaceMM\Ecletex\ish.ecletex_0.0.4\src\ish\ecletex\editors\tex\Argument.java
C:\Development\workspaceMM\Ecletex\ish.ecletex_0.0.4\src\ish\ecletex\editors\tex\BibTeXWords.java
C:\Development\workspaceMM\Ecletex\ish.ecletex_0.0.4\src\ish\ecletex\editors\tex\BracketRule.java
C:\Development\workspaceMM\Ecletex\ish.ecletex_0.0.4\src\ish\ecletex\editors\tex\ColorManager.java
C:\Development\workspaceMM\Ecletex\ish.ecletex_0.0.4\src\ish\ecletex\editors\tex\Command.java
C:\Development\workspaceMM\Ecletex\ish.ecletex_0.0.4\src\ish\ecletex\editors\tex\Flow2DocumentListener.java
C:\Development\workspaceMM\Ecletex\ish.ecletex_0.0.4\src\ish\ecletex\editors\tex\FlowLineTracker.java
C:\Development\workspaceMM\Ecletex\ish.ecletex_0.0.4\src\ish\ecletex\editors\tex\NonRuleBasedDamagerRepairer.java
C:\Development\workspaceMM\Ecletex\ish.ecletex_0.0.4\src\ish\ecletex\editors\tex\NumberWord.java
C:\Development\workspaceMM\Ecletex\ish.ecletex_0.0.4\src\ish\ecletex\editors\tex\SpellingRule.java
C:\Development\workspaceMM\Ecletex\ish.ecletex_0.0.4\src\ish\ecletex\editors\tex\TagRule.java
C:\Development\workspaceMM\Ecletex\ish.ecletex_0.0.4\src\ish\ecletex\editors\tex\TeXActionContributor.java
C:\Development\workspaceMM\Ecletex\ish.ecletex_0.0.4\src\ish\ecletex\editors\tex\TeXArgumentsScanner.java
C:\Development\workspaceMM\Ecletex\ish.ecletex_0.0.4\src\ish\ecletex\editors\tex\TeXColorConstants.java
C:\Development\workspaceMM\Ecletex\ish.ecletex_0.0.4\src\ish\ecletex\editors\tex\TeXCommentScanner.java
C:\Development\workspaceMM\Ecletex\ish.ecletex_0.0.4\src\ish\ecletex\editors\tex\TeXCompletionEngine.java
C:\Development\workspaceMM\Ecletex\ish.ecletex_0.0.4\src\ish\ecletex\editors\tex\TeXConfiguration.java
C:\Development\workspaceMM\Ecletex\ish.ecletex_0.0.4\src\ish\ecletex\editors\tex\TeXDocumentProvider.java
C:\Development\workspaceMM\Ecletex\ish.ecletex_0.0.4\src\ish\ecletex\editors\tex\TeXDoubleClickStrategy.java
C:\Development\workspaceMM\Ecletex\ish.ecletex_0.0.4\src\ish\ecletex\editors\tex\TeXEditor.java
C:\Development\workspaceMM\Ecletex\ish.ecletex_0.0.4\src\ish\ecletex\editors\tex\TeXEditorMessages.java
C:\Development\workspaceMM\Ecletex\ish.ecletex_0.0.4\src\ish\ecletex\editors\tex\TeXElse.java
C:\Development\workspaceMM\Ecletex\ish.ecletex_0.0.4\src\ish\ecletex\editors\tex\TeXMathScanner.java
C:\Development\workspaceMM\Ecletex\ish.ecletex_0.0.4\src\ish\ecletex\editors\tex\TeXOptionalScanner.java
C:\Development\workspaceMM\Ecletex\ish.ecletex_0.0.4\src\ish\ecletex\editors\tex\TeXOutline.java
C:\Development\workspaceMM\Ecletex\ish.ecletex_0.0.4\src\ish\ecletex\editors\tex\TeXPartitionScanner.java
C:\Development\workspaceMM\Ecletex\ish.ecletex_0.0.4\src\ish\ecletex\editors\tex\TeXScanner.java
C:\Development\workspaceMM\Ecletex\ish.ecletex_0.0.4\src\ish\ecletex\editors\tex\TeXWords.java
C:\Development\workspaceMM\Ecletex\ish.ecletex_0.0.4\src\ish\ecletex\editors\tex\TexFileDocument.java
C:\Development\workspaceMM\Ecletex\ish.ecletex_0.0.4\src\ish\ecletex\editors\tex\TexFoldingStructureProvider.java
C:\Development\workspaceMM\Ecletex\ish.ecletex_0.0.4\src\ish\ecletex\editors\tex\TextWords.java
C:\Development\workspaceMM\Ecletex\ish.ecletex_0.0.4\src\ish\ecletex\editors\tex\actions\AddWordAction.java
C:\Development\workspaceMM\Ecletex\ish.ecletex_0.0.4\src\ish\ecletex\editors\tex\actions\CommentLineAction.java
C:\Development\workspaceMM\Ecletex\ish.ecletex_0.0.4\src\ish\ecletex\editors\tex\hover\TexHover.java
C:\Development\workspaceMM\Ecletex\ish.ecletex_0.0.4\src\ish\ecletex\editors\tex\hover\TexHoverControlCreator.java
C:\Development\workspaceMM\Ecletex\ish.ecletex_0.0.4\src\ish\ecletex\editors\tex\hover\TexInformationControl.java
C:\Development\workspaceMM\Ecletex\ish.ecletex_0.0.4\src\ish\ecletex\editors\tex\sections\AbstractSection.java
C:\Development\workspaceMM\Ecletex\ish.ecletex_0.0.4\src\ish\ecletex\editors\tex\sections\Begin.java
C:\Development\workspaceMM\Ecletex\ish.ecletex_0.0.4\src\ish\ecletex\editors\tex\sections\Chapter.java
C:\Development\workspaceMM\Ecletex\ish.ecletex_0.0.4\src\ish\ecletex\editors\tex\sections\Citation.java
C:\Development\workspaceMM\Ecletex\ish.ecletex_0.0.4\src\ish\ecletex\editors\tex\sections\End.java
C:\Development\workspaceMM\Ecletex\ish.ecletex_0.0.4\src\ish\ecletex\editors\tex\sections\ISection.java
C:\Development\workspaceMM\Ecletex\ish.ecletex_0.0.4\src\ish\ecletex\editors\tex\sections\Label.java
C:\Development\workspaceMM\Ecletex\ish.ecletex_0.0.4\src\ish\ecletex\editors\tex\sections\Section.java
C:\Development\workspaceMM\Ecletex\ish.ecletex_0.0.4\src\ish\ecletex\editors\tex\sections\SubSection.java
C:\Development\workspaceMM\Ecletex\ish.ecletex_0.0.4\src\ish\ecletex\editors\tex\sections\SubSubSection.java
C:\Development\workspaceMM\Ecletex\ish.ecletex_0.0.4\src\ish\ecletex\editors\tex\spelling\GlobalDictionary.java
C:\Development\workspaceMM\Ecletex\ish.ecletex_0.0.4\src\ish\ecletex\editors\tex\spelling\engine\Configuration.java
C:\Development\workspaceMM\Ecletex\ish.ecletex_0.0.4\src\ish\ecletex\editors\tex\spelling\engine\DoubleMeta.java
C:\Development\workspaceMM\Ecletex\ish.ecletex_0.0.4\src\ish\ecletex\editors\tex\spelling\engine\EditDistance.java
C:\Development\workspaceMM\Ecletex\ish.ecletex_0.0.4\src\ish\ecletex\editors\tex\spelling\engine\GenericSpellDictionary.java
C:\Development\workspaceMM\Ecletex\ish.ecletex_0.0.4\src\ish\ecletex\editors\tex\spelling\engine\GenericTransformator.java
C:\Development\workspaceMM\Ecletex\ish.ecletex_0.0.4\src\ish\ecletex\editors\tex\spelling\engine\PropertyConfiguration.java
C:\Development\workspaceMM\Ecletex\ish.ecletex_0.0.4\src\ish\ecletex\editors\tex\spelling\engine\SpellDictionary.java
C:\Development\workspaceMM\Ecletex\ish.ecletex_0.0.4\src\ish\ecletex\editors\tex\spelling\engine\SpellDictionaryASpell.java
C:\Development\workspaceMM\Ecletex\ish.ecletex_0.0.4\src\ish\ecletex\editors\tex\spelling\engine\SpellDictionaryDichoDisk.java
C:\Development\workspaceMM\Ecletex\ish.ecletex_0.0.4\src\ish\ecletex\editors\tex\spelling\engine\SpellDictionaryDisk.java
C:\Development\workspaceMM\Ecletex\ish.ecletex_0.0.4\src\ish\ecletex\editors\tex\spelling\engine\SpellDictionaryHashMap.java
C:\Development\workspaceMM\Ecletex\ish.ecletex_0.0.4\src\ish\ecletex\editors\tex\spelling\engine\Transformator.java
C:\Development\workspaceMM\Ecletex\ish.ecletex_0.0.4\src\ish\ecletex\editors\tex\spelling\engine\Word.java
C:\Development\workspaceMM\Ecletex\ish.ecletex_0.0.4\src\ish\ecletex\editors\tex\spelling\event\AbstractWordFinder.java
C:\Development\workspaceMM\Ecletex\ish.ecletex_0.0.4\src\ish\ecletex\editors\tex\spelling\event\AbstractWordTokenizer.java
C:\Development\workspaceMM\Ecletex\ish.ecletex_0.0.4\src\ish\ecletex\editors\tex\spelling\event\BasicSpellCheckEvent.java
C:\Development\workspaceMM\Ecletex\ish.ecletex_0.0.4\src\ish\ecletex\editors\tex\spelling\event\DefaultWordFinder.java
C:\Development\workspaceMM\Ecletex\ish.ecletex_0.0.4\src\ish\ecletex\editors\tex\spelling\event\DocumentWordTokenizer.java
C:\Development\workspaceMM\Ecletex\ish.ecletex_0.0.4\src\ish\ecletex\editors\tex\spelling\event\FileWordTokenizer.java
C:\Development\workspaceMM\Ecletex\ish.ecletex_0.0.4\src\ish\ecletex\editors\tex\spelling\event\JavaWordFinder.java
C:\Development\workspaceMM\Ecletex\ish.ecletex_0.0.4\src\ish\ecletex\editors\tex\spelling\event\SpellCheckEvent.java
C:\Development\workspaceMM\Ecletex\ish.ecletex_0.0.4\src\ish\ecletex\editors\tex\spelling\event\SpellCheckListener.java
C:\Development\workspaceMM\Ecletex\ish.ecletex_0.0.4\src\ish\ecletex\editors\tex\spelling\event\SpellChecker.java
C:\Development\workspaceMM\Ecletex\ish.ecletex_0.0.4\src\ish\ecletex\editors\tex\spelling\event\StringWordTokenizer.java
C:\Development\workspaceMM\Ecletex\ish.ecletex_0.0.4\src\ish\ecletex\editors\tex\spelling\event\TeXWordFinder.java
C:\Development\workspaceMM\Ecletex\ish.ecletex_0.0.4\src\ish\ecletex\editors\tex\spelling\event\Word.java
C:\Development\workspaceMM\Ecletex\ish.ecletex_0.0.4\src\ish\ecletex\editors\tex\spelling\event\WordFinder.java
C:\Development\workspaceMM\Ecletex\ish.ecletex_0.0.4\src\ish\ecletex\editors\tex\spelling\event\WordNotFoundException.java
C:\Development\workspaceMM\Ecletex\ish.ecletex_0.0.4\src\ish\ecletex\editors\tex\spelling\event\WordTokenizer.java
C:\Development\workspaceMM\Ecletex\ish.ecletex_0.0.4\src\ish\ecletex\editors\tex\spelling\event\XMLWordFinder.java
C:\Development\workspaceMM\Ecletex\ish.ecletex_0.0.4\src\ish\ecletex\editors\tex\spelling\util\StringUtility.java
C:\Development\workspaceMM\Ecletex\ish.ecletex_0.0.4\src\ish\ecletex\editors\tex\spelling\util\VectorUtility.java
C:\Development\workspaceMM\Ecletex\ish.ecletex_0.0.4\src\ish\ecletex\exception\ExceptionHandler.java
C:\Development\workspaceMM\Ecletex\ish.ecletex_0.0.4\src\ish\ecletex\nature\ecletexNature.java
C:\Development\workspaceMM\Ecletex\ish.ecletex_0.0.4\src\ish\ecletex\preferences\TeXPreferencePage.java
C:\Development\workspaceMM\Ecletex\ish.ecletex_0.0.4\src\ish\ecletex\preferences\TexColorsPreferencePage.java
C:\Development\workspaceMM\Ecletex\ish.ecletex_0.0.4\src\ish\ecletex\preferences\TexExternalToolsPreferencePage.java
C:\Development\workspaceMM\Ecletex\ish.ecletex_0.0.4\src\ish\ecletex\properties\ecletexProjectProperties.java
C:\Development\workspaceMM\Ecletex\ish.ecletex_0.0.4\src\ish\ecletex\properties\texFileProperties.java
C:\Development\workspaceMM\Ecletex\ish.ecletex_0.0.4\src\ish\ecletex\templateProvider.java
C:\Development\workspaceMM\Ecletex\ish.ecletex_0.0.4\src\ish\ecletex\utils\GhostScript.java
C:\Development\workspaceMM\Ecletex\ish.ecletex_0.0.4\src\ish\ecletex\utils\IgnoreChars.java
C:\Development\workspaceMM\Ecletex\ish.ecletex_0.0.4\src\ish\ecletex\utils\OSUtils.java
C:\Development\workspaceMM\Ecletex\ish.ecletex_0.0.4\src\ish\ecletex\utils\ProjectUtils.java
C:\Development\workspaceMM\Ecletex\ish.ecletex_0.0.4\src\ish\ecletex\utils\SafeExec.java
C:\Development\workspaceMM\Ecletex\ish.ecletex_0.0.4\src\ish\ecletex\wizards\export\pdf\PDFExportMethods.java
C:\Development\workspaceMM\Ecletex\ish.ecletex_0.0.4\src\ish\ecletex\wizards\export\pdf\PDFExportWizard.java
C:\Development\workspaceMM\Ecletex\ish.ecletex_0.0.4\src\ish\ecletex\wizards\export\pdf\PDFGSExportOperation.java
C:\Development\workspaceMM\Ecletex\ish.ecletex_0.0.4\src\ish\ecletex\wizards\export\pdf\PDFLatexExportOperation.java
C:\Development\workspaceMM\Ecletex\ish.ecletex_0.0.4\src\ish\ecletex\wizards\export\pdf\PDFWizardPageOne.java
C:\Development\workspaceMM\Ecletex\ish.ecletex_0.0.4\src\ish\ecletex\wizards\project\ecletexProjectCreationOperation.java
C:\Development\workspaceMM\Ecletex\ish.ecletex_0.0.4\src\ish\ecletex\wizards\project\ecletexProjectCreationWizard.java
C:\Development\workspaceMM\Ecletex\ish.ecletex_0.0.4\src\ish\ecletex\wizards\project\ecletexProjectCreationWizardPage.java
C:\Development\workspaceMM\Ecletex\ish.ecletex_0.0.4\src\ish\ecletex\wizards\template\templateCreationOperation.java
C:\Development\workspaceMM\Ecletex\ish.ecletex_0.0.4\src\ish\ecletex\wizards\template\templateCreationWizard.java
C:\Development\workspaceMM\Ecletex\ish.ecletex_0.0.4\src\ish\ecletex\wizards\template\templateWizardPage.java
C:\Development\workspaceMM\Ecletex\ish.ecletex_0.0.4\src\ish\ecletex\wordnet\jwnl\JWNL.java
C:\Development\workspaceMM\Ecletex\ish.ecletex_0.0.4\src\ish\ecletex\wordnet\jwnl\JWNLException.java
C:\Development\workspaceMM\Ecletex\ish.ecletex_0.0.4\src\ish\ecletex\wordnet\jwnl\JWNLRuntimeException.java
C:\Development\workspaceMM\Ecletex\ish.ecletex_0.0.4\src\ish\ecletex\wordnet\jwnl\JWNL_NEW.java
C:\Development\workspaceMM\Ecletex\ish.ecletex_0.0.4\src\ish\ecletex\wordnet\jwnl\data\Adjective.java
C:\Development\workspaceMM\Ecletex\ish.ecletex_0.0.4\src\ish\ecletex\wordnet\jwnl\data\DatabaseDictionaryElementFactory.java
C:\Development\workspaceMM\Ecletex\ish.ecletex_0.0.4\src\ish\ecletex\wordnet\jwnl\data\DictionaryElement.java
C:\Development\workspaceMM\Ecletex\ish.ecletex_0.0.4\src\ish\ecletex\wordnet\jwnl\data\DictionaryElementType.java
C:\Development\workspaceMM\Ecletex\ish.ecletex_0.0.4\src\ish\ecletex\wordnet\jwnl\data\Exc.java
C:\Development\workspaceMM\Ecletex\ish.ecletex_0.0.4\src\ish\ecletex\wordnet\jwnl\data\FileDictionaryElementFactory.java
C:\Development\workspaceMM\Ecletex\ish.ecletex_0.0.4\src\ish\ecletex\wordnet\jwnl\data\IndexWord.java
C:\Development\workspaceMM\Ecletex\ish.ecletex_0.0.4\src\ish\ecletex\wordnet\jwnl\data\IndexWordSet.java
C:\Development\workspaceMM\Ecletex\ish.ecletex_0.0.4\src\ish\ecletex\wordnet\jwnl\data\POS.java
C:\Development\workspaceMM\Ecletex\ish.ecletex_0.0.4\src\ish\ecletex\wordnet\jwnl\data\Pointer.java
C:\Development\workspaceMM\Ecletex\ish.ecletex_0.0.4\src\ish\ecletex\wordnet\jwnl\data\PointerTarget.java
C:\Development\workspaceMM\Ecletex\ish.ecletex_0.0.4\src\ish\ecletex\wordnet\jwnl\data\PointerType.java
C:\Development\workspaceMM\Ecletex\ish.ecletex_0.0.4\src\ish\ecletex\wordnet\jwnl\data\PointerUtils.java
C:\Development\workspaceMM\Ecletex\ish.ecletex_0.0.4\src\ish\ecletex\wordnet\jwnl\data\Synset.java
C:\Development\workspaceMM\Ecletex\ish.ecletex_0.0.4\src\ish\ecletex\wordnet\jwnl\data\SynsetProxy.java
C:\Development\workspaceMM\Ecletex\ish.ecletex_0.0.4\src\ish\ecletex\wordnet\jwnl\data\Verb.java
C:\Development\workspaceMM\Ecletex\ish.ecletex_0.0.4\src\ish\ecletex\wordnet\jwnl\data\VerbFrame.java
C:\Development\workspaceMM\Ecletex\ish.ecletex_0.0.4\src\ish\ecletex\wordnet\jwnl\data\Word.java
C:\Development\workspaceMM\Ecletex\ish.ecletex_0.0.4\src\ish\ecletex\wordnet\jwnl\data\list\Node.java
C:\Development\workspaceMM\Ecletex\ish.ecletex_0.0.4\src\ish\ecletex\wordnet\jwnl\data\list\NodePrinter.java
C:\Development\workspaceMM\Ecletex\ish.ecletex_0.0.4\src\ish\ecletex\wordnet\jwnl\data\list\PointerTargetNode.java
C:\Development\workspaceMM\Ecletex\ish.ecletex_0.0.4\src\ish\ecletex\wordnet\jwnl\data\list\PointerTargetNodeList.java
C:\Development\workspaceMM\Ecletex\ish.ecletex_0.0.4\src\ish\ecletex\wordnet\jwnl\data\list\PointerTargetTree.java
C:\Development\workspaceMM\Ecletex\ish.ecletex_0.0.4\src\ish\ecletex\wordnet\jwnl\data\list\PointerTargetTreeNode.java
C:\Development\workspaceMM\Ecletex\ish.ecletex_0.0.4\src\ish\ecletex\wordnet\jwnl\data\list\PointerTargetTreeNodeList.java
C:\Development\workspaceMM\Ecletex\ish.ecletex_0.0.4\src\ish\ecletex\wordnet\jwnl\data\relationship\AsymmetricRelationship.java
C:\Development\workspaceMM\Ecletex\ish.ecletex_0.0.4\src\ish\ecletex\wordnet\jwnl\data\relationship\Relationship.java
C:\Development\workspaceMM\Ecletex\ish.ecletex_0.0.4\src\ish\ecletex\wordnet\jwnl\data\relationship\RelationshipFinder.java
C:\Development\workspaceMM\Ecletex\ish.ecletex_0.0.4\src\ish\ecletex\wordnet\jwnl\data\relationship\RelationshipList.java
C:\Development\workspaceMM\Ecletex\ish.ecletex_0.0.4\src\ish\ecletex\wordnet\jwnl\data\relationship\SymmetricRelationship.java
C:\Development\workspaceMM\Ecletex\ish.ecletex_0.0.4\src\ish\ecletex\wordnet\jwnl\dictionary\AbstractCachingDictionary.java
C:\Development\workspaceMM\Ecletex\ish.ecletex_0.0.4\src\ish\ecletex\wordnet\jwnl\dictionary\DatabaseBackedDictionary.java
C:\Development\workspaceMM\Ecletex\ish.ecletex_0.0.4\src\ish\ecletex\wordnet\jwnl\dictionary\Dictionary.java
C:\Development\workspaceMM\Ecletex\ish.ecletex_0.0.4\src\ish\ecletex\wordnet\jwnl\dictionary\FileBackedDictionary.java
C:\Development\workspaceMM\Ecletex\ish.ecletex_0.0.4\src\ish\ecletex\wordnet\jwnl\dictionary\MapBackedDictionary.java
C:\Development\workspaceMM\Ecletex\ish.ecletex_0.0.4\src\ish\ecletex\wordnet\jwnl\dictionary\MorphologicalProcessor.java
C:\Development\workspaceMM\Ecletex\ish.ecletex_0.0.4\src\ish\ecletex\wordnet\jwnl\dictionary\POSKey.java
C:\Development\workspaceMM\Ecletex\ish.ecletex_0.0.4\src\ish\ecletex\wordnet\jwnl\dictionary\database\ConnectionManager.java
C:\Development\workspaceMM\Ecletex\ish.ecletex_0.0.4\src\ish\ecletex\wordnet\jwnl\dictionary\database\DatabaseManager.java
C:\Development\workspaceMM\Ecletex\ish.ecletex_0.0.4\src\ish\ecletex\wordnet\jwnl\dictionary\database\DatabaseManagerImpl.java
C:\Development\workspaceMM\Ecletex\ish.ecletex_0.0.4\src\ish\ecletex\wordnet\jwnl\dictionary\database\Query.java
C:\Development\workspaceMM\Ecletex\ish.ecletex_0.0.4\src\ish\ecletex\wordnet\jwnl\dictionary\file\AbstractDictionaryFile.java
C:\Development\workspaceMM\Ecletex\ish.ecletex_0.0.4\src\ish\ecletex\wordnet\jwnl\dictionary\file\DictionaryCatalog.java
C:\Development\workspaceMM\Ecletex\ish.ecletex_0.0.4\src\ish\ecletex\wordnet\jwnl\dictionary\file\DictionaryCatalogSet.java
C:\Development\workspaceMM\Ecletex\ish.ecletex_0.0.4\src\ish\ecletex\wordnet\jwnl\dictionary\file\DictionaryFile.java
C:\Development\workspaceMM\Ecletex\ish.ecletex_0.0.4\src\ish\ecletex\wordnet\jwnl\dictionary\file\DictionaryFileType.java
C:\Development\workspaceMM\Ecletex\ish.ecletex_0.0.4\src\ish\ecletex\wordnet\jwnl\dictionary\file\ObjectDictionaryFile.java
C:\Development\workspaceMM\Ecletex\ish.ecletex_0.0.4\src\ish\ecletex\wordnet\jwnl\dictionary\file\RandomAccessDictionaryFile.java
C:\Development\workspaceMM\Ecletex\ish.ecletex_0.0.4\src\ish\ecletex\wordnet\jwnl\dictionary\file_manager\FileManager.java
C:\Development\workspaceMM\Ecletex\ish.ecletex_0.0.4\src\ish\ecletex\wordnet\jwnl\dictionary\file_manager\FileManagerImpl.java
C:\Development\workspaceMM\Ecletex\ish.ecletex_0.0.4\src\ish\ecletex\wordnet\jwnl\dictionary\file_manager\RemoteFileManager.java
C:\Development\workspaceMM\Ecletex\ish.ecletex_0.0.4\src\ish\ecletex\wordnet\jwnl\dictionary\morph\AbstractDelegatingOperation.java
C:\Development\workspaceMM\Ecletex\ish.ecletex_0.0.4\src\ish\ecletex\wordnet\jwnl\dictionary\morph\BaseFormSet.java
C:\Development\workspaceMM\Ecletex\ish.ecletex_0.0.4\src\ish\ecletex\wordnet\jwnl\dictionary\morph\DefaultMorphologicalProcessor.java
C:\Development\workspaceMM\Ecletex\ish.ecletex_0.0.4\src\ish\ecletex\wordnet\jwnl\dictionary\morph\DetachSuffixesOperation.java
C:\Development\workspaceMM\Ecletex\ish.ecletex_0.0.4\src\ish\ecletex\wordnet\jwnl\dictionary\morph\LookupExceptionsOperation.java
C:\Development\workspaceMM\Ecletex\ish.ecletex_0.0.4\src\ish\ecletex\wordnet\jwnl\dictionary\morph\LookupIndexWordOperation.java
C:\Development\workspaceMM\Ecletex\ish.ecletex_0.0.4\src\ish\ecletex\wordnet\jwnl\dictionary\morph\Operation.java
C:\Development\workspaceMM\Ecletex\ish.ecletex_0.0.4\src\ish\ecletex\wordnet\jwnl\dictionary\morph\RemovePrepPhrasesOperation.java
C:\Development\workspaceMM\Ecletex\ish.ecletex_0.0.4\src\ish\ecletex\wordnet\jwnl\dictionary\morph\TokenizerOperation.java
C:\Development\workspaceMM\Ecletex\ish.ecletex_0.0.4\src\ish\ecletex\wordnet\jwnl\dictionary\morph\Util.java
C:\Development\workspaceMM\Ecletex\ish.ecletex_0.0.4\src\ish\ecletex\wordnet\jwnl\princeton\data\AbstractPrincetonDatabaseDictionaryElementFactory.java
C:\Development\workspaceMM\Ecletex\ish.ecletex_0.0.4\src\ish\ecletex\wordnet\jwnl\princeton\data\AbstractPrincetonFileDictionaryElementFactory.java
C:\Development\workspaceMM\Ecletex\ish.ecletex_0.0.4\src\ish\ecletex\wordnet\jwnl\princeton\data\MutableVerb.java
C:\Development\workspaceMM\Ecletex\ish.ecletex_0.0.4\src\ish\ecletex\wordnet\jwnl\princeton\data\PrincetonWN16DatabaseDictionaryElementFactory.java
C:\Development\workspaceMM\Ecletex\ish.ecletex_0.0.4\src\ish\ecletex\wordnet\jwnl\princeton\data\PrincetonWN16FileDictionaryElementFactory.java
C:\Development\workspaceMM\Ecletex\ish.ecletex_0.0.4\src\ish\ecletex\wordnet\jwnl\princeton\data\PrincetonWN17DatabaseDictionaryElementFactory.java
C:\Development\workspaceMM\Ecletex\ish.ecletex_0.0.4\src\ish\ecletex\wordnet\jwnl\princeton\data\PrincetonWN17FileDictionaryElementFactory.java
C:\Development\workspaceMM\Ecletex\ish.ecletex_0.0.4\src\ish\ecletex\wordnet\jwnl\princeton\file\AbstractPrincetonDictionaryFile.java
C:\Development\workspaceMM\Ecletex\ish.ecletex_0.0.4\src\ish\ecletex\wordnet\jwnl\princeton\file\AbstractPrincetonRandomAccessDictionaryFile.java
C:\Development\workspaceMM\Ecletex\ish.ecletex_0.0.4\src\ish\ecletex\wordnet\jwnl\princeton\file\PrincetonChannelDictionaryFile.java
C:\Development\workspaceMM\Ecletex\ish.ecletex_0.0.4\src\ish\ecletex\wordnet\jwnl\princeton\file\PrincetonObjectDictionaryFile.java
C:\Development\workspaceMM\Ecletex\ish.ecletex_0.0.4\src\ish\ecletex\wordnet\jwnl\princeton\file\PrincetonRandomAccessDictionaryFile.java
C:\Development\workspaceMM\Ecletex\ish.ecletex_0.0.4\src\ish\ecletex\wordnet\jwnl\util\DeepCloneable.java
C:\Development\workspaceMM\Ecletex\ish.ecletex_0.0.4\src\ish\ecletex\wordnet\jwnl\util\Resolvable.java
C:\Development\workspaceMM\Ecletex\ish.ecletex_0.0.4\src\ish\ecletex\wordnet\jwnl\util\ResourceBundleSet.java
C:\Development\workspaceMM\Ecletex\ish.ecletex_0.0.4\src\ish\ecletex\wordnet\jwnl\util\TokenizerParser.java
C:\Development\workspaceMM\Ecletex\ish.ecletex_0.0.4\src\ish\ecletex\wordnet\jwnl\util\TypeCheckingList.java
C:\Development\workspaceMM\Ecletex\ish.ecletex_0.0.4\src\ish\ecletex\wordnet\jwnl\util\cache\Cache.java
C:\Development\workspaceMM\Ecletex\ish.ecletex_0.0.4\src\ish\ecletex\wordnet\jwnl\util\cache\CacheSet.java
C:\Development\workspaceMM\Ecletex\ish.ecletex_0.0.4\src\ish\ecletex\wordnet\jwnl\util\cache\LRUCache.java
C:\Development\workspaceMM\Ecletex\ish.ecletex_0.0.4\src\ish\ecletex\wordnet\jwnl\util\cache\LRUCacheSet.java
C:\Development\workspaceMM\Ecletex\ish.ecletex_0.0.4\src\ish\ecletex\wordnet\jwnl\util\factory\AbstractValueParam.java
C:\Development\workspaceMM\Ecletex\ish.ecletex_0.0.4\src\ish\ecletex\wordnet\jwnl\util\factory\Createable.java
C:\Development\workspaceMM\Ecletex\ish.ecletex_0.0.4\src\ish\ecletex\wordnet\jwnl\util\factory\Element.java
C:\Development\workspaceMM\Ecletex\ish.ecletex_0.0.4\src\ish\ecletex\wordnet\jwnl\util\factory\Installable.java
C:\Development\workspaceMM\Ecletex\ish.ecletex_0.0.4\src\ish\ecletex\wordnet\jwnl\util\factory\NameValueParam.java
C:\Development\workspaceMM\Ecletex\ish.ecletex_0.0.4\src\ish\ecletex\wordnet\jwnl\util\factory\Param.java
C:\Development\workspaceMM\Ecletex\ish.ecletex_0.0.4\src\ish\ecletex\wordnet\jwnl\util\factory\ParamList.java
C:\Development\workspaceMM\Ecletex\ish.ecletex_0.0.4\src\ish\ecletex\wordnet\jwnl\util\factory\ValueParam.java
C:\Development\workspaceMM\Ecletex\ish.ecletex_0.0.4\src\ish\ecletex\xml\Attribute.java
C:\Development\workspaceMM\Ecletex\ish.ecletex_0.0.4\src\ish\ecletex\xml\Comment.java
C:\Development\workspaceMM\Ecletex\ish.ecletex_0.0.4\src\ish\ecletex\xml\Data.java
C:\Development\workspaceMM\Ecletex\ish.ecletex_0.0.4\src\ish\ecletex\xml\Document.java
C:\Development\workspaceMM\Ecletex\ish.ecletex_0.0.4\src\ish\ecletex\xml\Element.java
C:\Development\workspaceMM\Ecletex\ish.ecletex_0.0.4\src\ish\ecletex\xml\Parser.java
C:\Development\workspaceMM\Ecletex\ish.ecletex_0.0.4\src\ish\ecletex\xml\ProcessingInstruction.java
C:\Development\workspaceMM\Ecletex\ish.ecletex_0.0.4\src\ish\ecletex\xml\Tokenizer.java
